<?xml version="1.0" encoding="UTF-8"?>
<robot generator="Robot 4.1.1 (Python 3.9.7 on win32)" generated="20210913 18:10:12.452" rpa="false" schemaversion="2">
<suite id="s1" name="HighTempAlarmFeature &amp; LowTempAlarmFeature">
<suite id="s1-s1" name="HighTempAlarmFeature" source="C:\Users\61449\PycharmProjects\DanfossAutomation\AlarmTest\Features\HighTempAlarmFeature.robot">
<test id="s1-s1-t1" name="HighTempAlarmTest">
<kw name="Given Set High temp alarm limit 25.0 deg-SVB5" library="HighTempAlarmStepDef">
<kw name="LogintoSVB5 and Select device AK-CC550-018x 20" library="AlarmKeywords">
<arg>Supervisor</arg>
<arg>S@danfoss123</arg>
<kw name="Open Browser" library="SeleniumLibrary">
<arg>${danfossURL}</arg>
<arg>${browser}</arg>
<doc>Opens a new browser instance to the optional ``url``.</doc>
<msg timestamp="20210913 18:10:12.753" level="INFO">Opening browser 'chrome' to base url 'https://118.185.187.242:6027/#/'.</msg>
<status status="PASS" starttime="20210913 18:10:12.752" endtime="20210913 18:10:14.813"/>
</kw>
<kw name="Maximize Browser Window" library="SeleniumLibrary">
<doc>Maximizes current browser window.</doc>
<status status="PASS" starttime="20210913 18:10:14.813" endtime="20210913 18:10:14.942"/>
</kw>
<kw name="Set Selenium Implicit Wait" library="SeleniumLibrary">
<arg>50seconds</arg>
<doc>Sets the implicit wait value used by Selenium.</doc>
<status status="PASS" starttime="20210913 18:10:14.942" endtime="20210913 18:10:14.945"/>
</kw>
<kw name="Set Selenium Speed" library="SeleniumLibrary">
<arg>1seconds</arg>
<doc>Sets the delay that is waited after each Selenium command.</doc>
<status status="PASS" starttime="20210913 18:10:14.945" endtime="20210913 18:10:14.946"/>
</kw>
<kw name="Click Element" library="SeleniumLibrary">
<arg>xpath://*[@id="details-button"]</arg>
<doc>Click the element identified by ``locator``.</doc>
<msg timestamp="20210913 18:10:14.947" level="INFO">Clicking element 'xpath://*[@id="details-button"]'.</msg>
<status status="PASS" starttime="20210913 18:10:14.946" endtime="20210913 18:10:17.035"/>
</kw>
<kw name="Click Link" library="SeleniumLibrary">
<arg>xpath://*[@id="proceed-link"]</arg>
<doc>Clicks a link identified by ``locator``.</doc>
<msg timestamp="20210913 18:10:17.036" level="INFO">Clicking link 'xpath://*[@id="proceed-link"]'.</msg>
<status status="PASS" starttime="20210913 18:10:17.035" endtime="20210913 18:10:47.349"/>
</kw>
<kw name="Input Text" library="SeleniumLibrary">
<arg>xpath://*[@id="user"]</arg>
<arg>${SVB5username}</arg>
<doc>Types the given ``text`` into the text field identified by ``locator``.</doc>
<msg timestamp="20210913 18:10:47.350" level="INFO">Typing text 'Supervisor' into text field 'xpath://*[@id="user"]'.</msg>
<status status="PASS" starttime="20210913 18:10:47.349" endtime="20210913 18:10:50.490"/>
</kw>
<kw name="Input Text" library="SeleniumLibrary">
<arg>xpath://*[@id="pwd"]</arg>
<arg>${SVB5password}</arg>
<doc>Types the given ``text`` into the text field identified by ``locator``.</doc>
<msg timestamp="20210913 18:10:50.491" level="INFO">Typing text 'S@danfoss123' into text field 'xpath://*[@id="pwd"]'.</msg>
<status status="PASS" starttime="20210913 18:10:50.490" endtime="20210913 18:10:53.628"/>
</kw>
<kw name="Click Element" library="SeleniumLibrary">
<arg>xpath://*[@id="signup-form"]/form/input</arg>
<doc>Click the element identified by ``locator``.</doc>
<msg timestamp="20210913 18:10:53.628" level="INFO">Clicking element 'xpath://*[@id="signup-form"]/form/input'.</msg>
<status status="PASS" starttime="20210913 18:10:53.628" endtime="20210913 18:10:55.713"/>
</kw>
<kw name="Click Element" library="SeleniumLibrary">
<arg>xpath://span[contains(text(),'File')]</arg>
<doc>Click the element identified by ``locator``.</doc>
<msg timestamp="20210913 18:10:55.714" level="INFO">Clicking element 'xpath://span[contains(text(),'File')]'.</msg>
<status status="PASS" starttime="20210913 18:10:55.713" endtime="20210913 18:11:01.010"/>
</kw>
<kw name="Click Element" library="SeleniumLibrary">
<arg>xpath://span[contains(text(),'Preferences')]</arg>
<doc>Click the element identified by ``locator``.</doc>
<msg timestamp="20210913 18:11:01.011" level="INFO">Clicking element 'xpath://span[contains(text(),'Preferences')]'.</msg>
<status status="PASS" starttime="20210913 18:11:01.010" endtime="20210913 18:11:03.396"/>
</kw>
<kw name="Unselect Checkbox" library="SeleniumLibrary">
<arg>xpath://app-header/div[@id='Preferences']/div[1]/div[1]/div[2]/div[5]/div[1]/input[1]</arg>
<doc>Removes the selection of checkbox identified by ``locator``.</doc>
<msg timestamp="20210913 18:11:03.397" level="INFO">Unselecting checkbox 'xpath://app-header/div[@id='Preferences']/div[1]/div[1]/div[2]/div[5]/div[1]/input[1]'.</msg>
<status status="PASS" starttime="20210913 18:11:03.396" endtime="20210913 18:11:09.421"/>
</kw>
<kw name="Click Element" library="SeleniumLibrary">
<arg>xpath://app-header/div[@id='Preferences']/div[1]/div[1]/div[1]/button[1]/span[1]</arg>
<doc>Click the element identified by ``locator``.</doc>
<msg timestamp="20210913 18:11:09.422" level="INFO">Clicking element 'xpath://app-header/div[@id='Preferences']/div[1]/div[1]/div[1]/button[1]/span[1]'.</msg>
<status status="PASS" starttime="20210913 18:11:09.421" endtime="20210913 18:11:12.016"/>
</kw>
<kw name="Scroll Element Into View" library="SeleniumLibrary">
<arg>xpath://*[@id="app-main"]/div/app-dashboard/section/div/app-device[1]/div/div/div/ngx-datatable/div/datatable-body/datatable-selection/datatable-scroller/datatable-row-wrapper[24]/datatable-body-row/div[2]/datatable-body-cell[2]</arg>
<doc>Scrolls the element identified by ``locator`` into view.</doc>
<status status="PASS" starttime="20210913 18:11:12.016" endtime="20210913 18:11:14.704"/>
</kw>
<kw name="Click Element" library="SeleniumLibrary">
<arg>xpath://*[@id="app-main"]/div/app-dashboard/section/div/app-device[1]/div/div/div/ngx-datatable/div/datatable-body/datatable-selection/datatable-scroller/datatable-row-wrapper[24]/datatable-body-row/div[2]/datatable-body-cell[2]</arg>
<doc>Click the element identified by ``locator``.</doc>
<msg timestamp="20210913 18:11:14.704" level="INFO">Clicking element 'xpath://*[@id="app-main"]/div/app-dashboard/section/div/app-device[1]/div/div/div/ngx-datatable/div/datatable-body/datatable-selection/datatable-scroller/datatable-row-wrapper[24]/datatable-body-row/div[2]/datatable-body-cell[2]'.</msg>
<status status="PASS" starttime="20210913 18:11:14.704" endtime="20210913 18:11:17.420"/>
</kw>
<status status="PASS" starttime="20210913 18:10:12.752" endtime="20210913 18:11:17.420"/>
</kw>
<kw name="Set High Temp in SVB5" library="HighTempAlarmStepDef">
<arg>25.0</arg>
<kw name="Double Click Element" library="SeleniumLibrary">
<arg>xpath://td[contains(text(),'25.0 °C')]</arg>
<doc>Double clicks the element identified by ``locator``.</doc>
<msg timestamp="20210913 18:11:17.422" level="INFO">Double clicking element 'xpath://td[contains(text(),'25.0 °C')]'.</msg>
<status status="PASS" starttime="20210913 18:11:17.421" endtime="20210913 18:11:39.561"/>
</kw>
<kw name="Clear Element Text" library="SeleniumLibrary">
<arg>xpath://body/ngb-modal-window[1]/div[1]/div[1]/app-edit-float[1]/div[1]/form[1]/div[2]/input[1]</arg>
<doc>Clears the value of the text-input-element identified by ``locator``.</doc>
<status status="PASS" starttime="20210913 18:11:39.561" endtime="20210913 18:11:41.690"/>
</kw>
<kw name="Input Text" library="SeleniumLibrary">
<arg>xpath://body/ngb-modal-window[1]/div[1]/div[1]/app-edit-float[1]/div[1]/form[1]/div[2]/input[1]</arg>
<arg>${tempvalueinsvb5}</arg>
<doc>Types the given ``text`` into the text field identified by ``locator``.</doc>
<msg timestamp="20210913 18:11:41.691" level="INFO">Typing text '25.0' into text field 'xpath://body/ngb-modal-window[1]/div[1]/div[1]/app-edit-float[1]/div[1]/form[1]/div[2]/input[1]'.</msg>
<status status="PASS" starttime="20210913 18:11:41.690" endtime="20210913 18:11:44.899"/>
</kw>
<kw name="Click Element" library="SeleniumLibrary">
<arg>xpath://body/ngb-modal-window[1]/div[1]/div[1]/app-edit-float[1]/div[1]/form[1]/div[3]/button[2]</arg>
<doc>Click the element identified by ``locator``.</doc>
<msg timestamp="20210913 18:11:44.900" level="INFO">Clicking element 'xpath://body/ngb-modal-window[1]/div[1]/div[1]/app-edit-float[1]/div[1]/form[1]/div[3]/button[2]'.</msg>
<status status="PASS" starttime="20210913 18:11:44.899" endtime="20210913 18:11:47.051"/>
</kw>
<status status="PASS" starttime="20210913 18:11:17.420" endtime="20210913 18:11:47.051"/>
</kw>
<status status="PASS" starttime="20210913 18:10:12.751" endtime="20210913 18:11:47.051"/>
</kw>
<kw name="And Set Alarm Delay 0-SVB5" library="HighTempAlarmStepDef">
<kw name="setting delay in svb5" library="AlarmKeywords">
<arg>0</arg>
<kw name="Double Click Element" library="SeleniumLibrary">
<arg>xpath://td[contains(text(),'0 min')]</arg>
<doc>Double clicks the element identified by ``locator``.</doc>
<msg timestamp="20210913 18:11:47.053" level="INFO">Double clicking element 'xpath://td[contains(text(),'0 min')]'.</msg>
<status status="PASS" starttime="20210913 18:11:47.053" endtime="20210913 18:11:49.458"/>
</kw>
<kw name="Clear Element Text" library="SeleniumLibrary">
<arg>xpath://*[@id="idEditInt"]/form/div[2]/input</arg>
<doc>Clears the value of the text-input-element identified by ``locator``.</doc>
<status status="PASS" starttime="20210913 18:11:49.458" endtime="20210913 18:11:51.569"/>
</kw>
<kw name="Input Text" library="SeleniumLibrary">
<arg>xpath://*[@id="idEditInt"]/form/div[2]/input</arg>
<arg>${delayvalueinsvb5}</arg>
<doc>Types the given ``text`` into the text field identified by ``locator``.</doc>
<msg timestamp="20210913 18:11:51.570" level="INFO">Typing text '0' into text field 'xpath://*[@id="idEditInt"]/form/div[2]/input'.</msg>
<status status="PASS" starttime="20210913 18:11:51.569" endtime="20210913 18:11:54.744"/>
</kw>
<kw name="Click Element" library="SeleniumLibrary">
<arg>xpath://*[@id="idEditInt"]/form/div[3]/button[2]</arg>
<doc>Click the element identified by ``locator``.</doc>
<msg timestamp="20210913 18:11:54.744" level="INFO">Clicking element 'xpath://*[@id="idEditInt"]/form/div[3]/button[2]'.</msg>
<status status="PASS" starttime="20210913 18:11:54.744" endtime="20210913 18:11:56.894"/>
</kw>
<status status="PASS" starttime="20210913 18:11:47.052" endtime="20210913 18:11:56.894"/>
</kw>
<status status="PASS" starttime="20210913 18:11:47.052" endtime="20210913 18:11:56.894"/>
</kw>
<kw name="When set Thermostart air of AK CC 550 controller to 30.0 deg-MCX A0" library="HighTempAlarmStepDef">
<kw name="LogintoMCX and select analog output" library="AlarmKeywords">
<arg>admin</arg>
<arg>PASS</arg>
<kw name="Open Browser" library="SeleniumLibrary">
<arg>${MCXURL}</arg>
<arg>${browser}</arg>
<doc>Opens a new browser instance to the optional ``url``.</doc>
<msg timestamp="20210913 18:11:56.897" level="INFO">Opening browser 'chrome' to base url 'http://118.185.187.242:6031/Login.html'.</msg>
<status status="PASS" starttime="20210913 18:11:56.896" endtime="20210913 18:12:40.405"/>
</kw>
<kw name="Maximize Browser Window" library="SeleniumLibrary">
<doc>Maximizes current browser window.</doc>
<status status="PASS" starttime="20210913 18:12:40.405" endtime="20210913 18:12:41.538"/>
</kw>
<kw name="Set Selenium Implicit Wait" library="SeleniumLibrary">
<arg>200seconds</arg>
<doc>Sets the implicit wait value used by Selenium.</doc>
<status status="PASS" starttime="20210913 18:12:41.538" endtime="20210913 18:12:43.562"/>
</kw>
<kw name="Set Selenium Speed" library="SeleniumLibrary">
<arg>1seconds</arg>
<doc>Sets the delay that is waited after each Selenium command.</doc>
<status status="PASS" starttime="20210913 18:12:43.562" endtime="20210913 18:12:43.563"/>
</kw>
<kw name="Input Text" library="SeleniumLibrary">
<arg>xpath://*[@id="usernameDisplay"]</arg>
<arg>${MCXusername}</arg>
<doc>Types the given ``text`` into the text field identified by ``locator``.</doc>
<msg timestamp="20210913 18:12:43.564" level="INFO">Typing text 'admin' into text field 'xpath://*[@id="usernameDisplay"]'.</msg>
<status status="PASS" starttime="20210913 18:12:43.563" endtime="20210913 18:12:46.710"/>
</kw>
<kw name="Input Text" library="SeleniumLibrary">
<arg>xpath://input[@id='password']</arg>
<arg>${MCXpassword}</arg>
<doc>Types the given ``text`` into the text field identified by ``locator``.</doc>
<msg timestamp="20210913 18:12:46.712" level="INFO">Typing text 'PASS' into text field 'xpath://input[@id='password']'.</msg>
<status status="PASS" starttime="20210913 18:12:46.711" endtime="20210913 18:12:49.845"/>
</kw>
<kw name="Click Element" library="SeleniumLibrary">
<arg>xpath://*[@id="button_login"]</arg>
<doc>Click the element identified by ``locator``.</doc>
<msg timestamp="20210913 18:12:49.846" level="INFO">Clicking element 'xpath://*[@id="button_login"]'.</msg>
<status status="PASS" starttime="20210913 18:12:49.845" endtime="20210913 18:12:51.920"/>
</kw>
<kw name="Click Element" library="SeleniumLibrary">
<arg>xpath://td[contains(text(),'N.A.')]</arg>
<doc>Click the element identified by ``locator``.</doc>
<msg timestamp="20210913 18:12:51.920" level="INFO">Clicking element 'xpath://td[contains(text(),'N.A.')]'.</msg>
<status status="PASS" starttime="20210913 18:12:51.920" endtime="20210913 18:13:26.777"/>
</kw>
<kw name="Click Element" library="SeleniumLibrary">
<arg>xpath://a[contains(text(),'Details')]</arg>
<doc>Click the element identified by ``locator``.</doc>
<msg timestamp="20210913 18:13:26.778" level="INFO">Clicking element 'xpath://a[contains(text(),'Details')]'.</msg>
<status status="PASS" starttime="20210913 18:13:26.777" endtime="20210913 18:13:35.157"/>
</kw>
<kw name="Click Element" library="SeleniumLibrary">
<arg>xpath://*[@id="supervisor_table"]/tbody/tr[157]/td[1]/img[1]</arg>
<doc>Click the element identified by ``locator``.</doc>
<msg timestamp="20210913 18:13:35.158" level="INFO">Clicking element 'xpath://*[@id="supervisor_table"]/tbody/tr[157]/td[1]/img[1]'.</msg>
<status status="PASS" starttime="20210913 18:13:35.157" endtime="20210913 18:13:38.209"/>
</kw>
<kw name="Click Element" library="SeleniumLibrary">
<arg>xpath://*[@id="supervisor_table"]/tbody/tr[158]/td[1]/img[2]</arg>
<doc>Click the element identified by ``locator``.</doc>
<msg timestamp="20210913 18:13:38.210" level="INFO">Clicking element 'xpath://*[@id="supervisor_table"]/tbody/tr[158]/td[1]/img[2]'.</msg>
<status status="PASS" starttime="20210913 18:13:38.209" endtime="20210913 18:13:40.323"/>
</kw>
<status status="PASS" starttime="20210913 18:11:56.896" endtime="20210913 18:13:40.323"/>
</kw>
<kw name="set AK CC 550 controller to value" library="AlarmKeywords">
<arg>9000</arg>
<kw name="Click Element" library="SeleniumLibrary">
<arg>xpath://*[@id="Params_ID164"]/td[4]</arg>
<doc>Click the element identified by ``locator``.</doc>
<msg timestamp="20210913 18:13:40.324" level="INFO">Clicking element 'xpath://*[@id="Params_ID164"]/td[4]'.</msg>
<status status="PASS" starttime="20210913 18:13:40.324" endtime="20210913 18:13:42.416"/>
</kw>
<kw name="Clear Element Text" library="SeleniumLibrary">
<arg>xpath://*[@id="popup_dialog_input_new_value"]</arg>
<doc>Clears the value of the text-input-element identified by ``locator``.</doc>
<status status="PASS" starttime="20210913 18:13:42.416" endtime="20210913 18:13:44.490"/>
</kw>
<kw name="Input Text" library="SeleniumLibrary">
<arg>xpath://*[@id="popup_dialog_input_new_value"]</arg>
<arg>${controllervalue}</arg>
<doc>Types the given ``text`` into the text field identified by ``locator``.</doc>
<msg timestamp="20210913 18:13:44.491" level="INFO">Typing text '9000' into text field 'xpath://*[@id="popup_dialog_input_new_value"]'.</msg>
<status status="PASS" starttime="20210913 18:13:44.490" endtime="20210913 18:13:47.579"/>
</kw>
<kw name="Click Element" library="SeleniumLibrary">
<arg>xpath://*[@id="popup_dialog"]/center/table/tbody/tr[4]/th</arg>
<doc>Click the element identified by ``locator``.</doc>
<msg timestamp="20210913 18:13:47.580" level="INFO">Clicking element 'xpath://*[@id="popup_dialog"]/center/table/tbody/tr[4]/th'.</msg>
<status status="PASS" starttime="20210913 18:13:47.579" endtime="20210913 18:13:49.667"/>
</kw>
<kw name="Click Element" library="SeleniumLibrary">
<arg>xpath://*[@id="button_save"]/span</arg>
<doc>Click the element identified by ``locator``.</doc>
<msg timestamp="20210913 18:13:49.667" level="INFO">Clicking element 'xpath://*[@id="button_save"]/span'.</msg>
<status status="PASS" starttime="20210913 18:13:49.667" endtime="20210913 18:13:51.744"/>
</kw>
<kw name="Sleep" library="BuiltIn">
<arg>5</arg>
<doc>Pauses the test executed for the given time.</doc>
<msg timestamp="20210913 18:13:56.757" level="INFO">Slept 5 seconds</msg>
<status status="PASS" starttime="20210913 18:13:51.744" endtime="20210913 18:13:56.757"/>
</kw>
<status status="PASS" starttime="20210913 18:13:40.323" endtime="20210913 18:13:56.757"/>
</kw>
<status status="PASS" starttime="20210913 18:11:56.895" endtime="20210913 18:13:56.758"/>
</kw>
<kw name="Then SVB5 active alarm page should be present with High Temp Alarm" library="HighTempAlarmStepDef">
<kw name="Switch Browser" library="SeleniumLibrary">
<arg>1</arg>
<doc>Switches between active browsers using ``index_or_alias``.</doc>
<status status="PASS" starttime="20210913 18:13:56.759" endtime="20210913 18:13:56.759"/>
</kw>
<kw name="Set Selenium Implicit Wait" library="SeleniumLibrary">
<arg>200seconds</arg>
<doc>Sets the implicit wait value used by Selenium.</doc>
<status status="PASS" starttime="20210913 18:13:56.760" endtime="20210913 18:13:58.778"/>
</kw>
<kw name="Set Selenium Speed" library="SeleniumLibrary">
<arg>1seconds</arg>
<doc>Sets the delay that is waited after each Selenium command.</doc>
<status status="PASS" starttime="20210913 18:13:58.778" endtime="20210913 18:13:58.779"/>
</kw>
<kw name="Click Element" library="SeleniumLibrary">
<arg>xpath://span[contains(text(),'Alarms')]</arg>
<doc>Click the element identified by ``locator``.</doc>
<msg timestamp="20210913 18:13:58.780" level="INFO">Clicking element 'xpath://span[contains(text(),'Alarms')]'.</msg>
<status status="PASS" starttime="20210913 18:13:58.779" endtime="20210913 18:14:00.956"/>
</kw>
<kw name="click on device name of apeared alarm" library="AlarmKeywords">
<arg>AK-CC550-018x 20</arg>
<arg>--- High Temp Alarm</arg>
<kw name="Wait Until Element Contains" library="SeleniumLibrary">
<arg>xpath://*[@id="app-main"]/div/app-alarms/section/div/div/div/div/div[2]/datatable/ngx-datatable/div/datatable-body/datatable-selection/datatable-scroller/datatable-row-wrapper/datatable-body-row/div[2]/datatable-body-cell[2]</arg>
<arg>${devicename}</arg>
<arg>timeout=200s</arg>
<doc>Waits until the element ``locator`` contains ``text``.</doc>
<status status="PASS" starttime="20210913 18:14:00.957" endtime="20210913 18:14:45.004"/>
</kw>
<kw name="Wait Until Element Contains" library="SeleniumLibrary">
<arg>xpath://*[@id="app-main"]/div/app-alarms/section/div/div/div/div/div[2]/datatable/ngx-datatable/div/datatable-body/datatable-selection/datatable-scroller/datatable-row-wrapper/datatable-body-row/div[2]/datatable-body-cell[4]</arg>
<arg>${alarmtype}</arg>
<arg>timeout=200s</arg>
<doc>Waits until the element ``locator`` contains ``text``.</doc>
<status status="PASS" starttime="20210913 18:14:45.004" endtime="20210913 18:15:45.597"/>
</kw>
<kw name="Click Element" library="SeleniumLibrary">
<arg>xpath://*[@id="app-main"]/div/app-alarms/section/div/div/div/div/div[2]/datatable/ngx-datatable/div/datatable-body/datatable-selection/datatable-scroller/datatable-row-wrapper/datatable-body-row/div[2]/datatable-body-cell[2]</arg>
<doc>Click the element identified by ``locator``.</doc>
<msg timestamp="20210913 18:15:45.598" level="INFO">Clicking element 'xpath://*[@id="app-main"]/div/app-alarms/section/div/div/div/div/div[2]/datatable/ngx-datatable/div/datatable-body/datatable-selection/datatable-scroller/datatable-row-wrapper/datatable-body-row/div[2]/datatable-body-cell[2]'.</msg>
<status status="PASS" starttime="20210913 18:15:45.597" endtime="20210913 18:15:47.733"/>
</kw>
<kw name="Sleep" library="BuiltIn">
<arg>5</arg>
<doc>Pauses the test executed for the given time.</doc>
<msg timestamp="20210913 18:15:52.748" level="INFO">Slept 5 seconds</msg>
<status status="PASS" starttime="20210913 18:15:47.733" endtime="20210913 18:15:52.748"/>
</kw>
<status status="PASS" starttime="20210913 18:14:00.956" endtime="20210913 18:15:52.748"/>
</kw>
<kw name="assertion on appered alarm" library="AlarmKeywords">
<arg>--- High Temp Alarm</arg>
<arg>AK-CC550-018x 20</arg>
<arg>20</arg>
<arg>Alarm if error</arg>
<arg>Normal</arg>
<arg>1</arg>
<kw name="Element Should Contain" library="SeleniumLibrary">
<arg>xpath://*[@id="lbldescriptionval"]</arg>
<arg>${alarmtype}</arg>
<doc>Verifies that element ``locator`` contains text ``expected``.</doc>
<msg timestamp="20210913 18:15:54.811" level="INFO">Element 'xpath://*[@id="lbldescriptionval"]' contains text '--- High Temp Alarm'.</msg>
<status status="PASS" starttime="20210913 18:15:52.749" endtime="20210913 18:15:54.811"/>
</kw>
<kw name="Element Should Contain" library="SeleniumLibrary">
<arg>xpath://*[@id="lblpointval"]</arg>
<arg>${devicename}</arg>
<doc>Verifies that element ``locator`` contains text ``expected``.</doc>
<msg timestamp="20210913 18:15:56.866" level="INFO">Element 'xpath://*[@id="lblpointval"]' contains text 'AK-CC550-018x 20'.</msg>
<status status="PASS" starttime="20210913 18:15:54.811" endtime="20210913 18:15:56.866"/>
</kw>
<kw name="Element Should Contain" library="SeleniumLibrary">
<arg>xpath://*[@id="lbladdressval"]</arg>
<arg>${address}</arg>
<doc>Verifies that element ``locator`` contains text ``expected``.</doc>
<msg timestamp="20210913 18:15:58.925" level="INFO">Element 'xpath://*[@id="lbladdressval"]' contains text '20'.</msg>
<status status="PASS" starttime="20210913 18:15:56.866" endtime="20210913 18:15:58.925"/>
</kw>
<kw name="Element Should Contain" library="SeleniumLibrary">
<arg>xpath://*[@id="lblsettingval"]</arg>
<arg>${setting}</arg>
<doc>Verifies that element ``locator`` contains text ``expected``.</doc>
<msg timestamp="20210913 18:16:00.997" level="INFO">Element 'xpath://*[@id="lblsettingval"]' contains text 'Alarm if error'.</msg>
<status status="PASS" starttime="20210913 18:15:58.925" endtime="20210913 18:16:00.997"/>
</kw>
<kw name="Element Should Contain" library="SeleniumLibrary">
<arg>xpath:/html/body/ngb-modal-window/div/div/app-alarmdetailmodal/div[2]/form/div[9]/div</arg>
<arg>${level}</arg>
<doc>Verifies that element ``locator`` contains text ``expected``.</doc>
<msg timestamp="20210913 18:16:03.043" level="INFO">Element 'xpath:/html/body/ngb-modal-window/div/div/app-alarmdetailmodal/div[2]/form/div[9]/div' contains text 'Normal'.</msg>
<status status="PASS" starttime="20210913 18:16:00.997" endtime="20210913 18:16:03.043"/>
</kw>
<kw name="Element Should Contain" library="SeleniumLibrary">
<arg>xpath:/html/body/ngb-modal-window/div/div/app-alarmdetailmodal/div[2]/form/div[10]/div</arg>
<arg>${action}</arg>
<doc>Verifies that element ``locator`` contains text ``expected``.</doc>
<msg timestamp="20210913 18:16:05.104" level="INFO">Element 'xpath:/html/body/ngb-modal-window/div/div/app-alarmdetailmodal/div[2]/form/div[10]/div' contains text '1'.</msg>
<status status="PASS" starttime="20210913 18:16:03.043" endtime="20210913 18:16:05.104"/>
</kw>
<status status="PASS" starttime="20210913 18:15:52.748" endtime="20210913 18:16:05.104"/>
</kw>
<status status="PASS" starttime="20210913 18:13:56.758" endtime="20210913 18:16:05.105"/>
</kw>
<kw name="When ack the alarm in SVB5" library="HighTempAlarmStepDef">
<kw name="click on acknowledge button" library="AlarmKeywords">
<kw name="Click Element" library="SeleniumLibrary">
<arg>xpath://*[@id="btnACK"]</arg>
<doc>Click the element identified by ``locator``.</doc>
<msg timestamp="20210913 18:16:05.106" level="INFO">Clicking element 'xpath://*[@id="btnACK"]'.</msg>
<status status="PASS" starttime="20210913 18:16:05.106" endtime="20210913 18:16:07.243"/>
</kw>
<status status="PASS" starttime="20210913 18:16:05.106" endtime="20210913 18:16:07.243"/>
</kw>
<status status="PASS" starttime="20210913 18:16:05.105" endtime="20210913 18:16:07.244"/>
</kw>
<kw name="Then alarm should be moved to ack alarm list" library="HighTempAlarmStepDef">
<kw name="Click Element" library="SeleniumLibrary">
<arg>xpath://button[@id='acknowledged']</arg>
<doc>Click the element identified by ``locator``.</doc>
<msg timestamp="20210913 18:16:07.246" level="INFO">Clicking element 'xpath://button[@id='acknowledged']'.</msg>
<status status="PASS" starttime="20210913 18:16:07.245" endtime="20210913 18:16:09.358"/>
</kw>
<kw name="Sleep" library="BuiltIn">
<arg>5</arg>
<doc>Pauses the test executed for the given time.</doc>
<msg timestamp="20210913 18:16:14.363" level="INFO">Slept 5 seconds</msg>
<status status="PASS" starttime="20210913 18:16:09.358" endtime="20210913 18:16:14.363"/>
</kw>
<kw name="click on device name of apeared alarm" library="AlarmKeywords">
<arg>AK-CC550-018x 20</arg>
<arg>--- High Temp Alarm</arg>
<kw name="Wait Until Element Contains" library="SeleniumLibrary">
<arg>xpath://*[@id="app-main"]/div/app-alarms/section/div/div/div/div/div[2]/datatable/ngx-datatable/div/datatable-body/datatable-selection/datatable-scroller/datatable-row-wrapper/datatable-body-row/div[2]/datatable-body-cell[2]</arg>
<arg>${devicename}</arg>
<arg>timeout=200s</arg>
<doc>Waits until the element ``locator`` contains ``text``.</doc>
<status status="PASS" starttime="20210913 18:16:14.364" endtime="20210913 18:16:16.412"/>
</kw>
<kw name="Wait Until Element Contains" library="SeleniumLibrary">
<arg>xpath://*[@id="app-main"]/div/app-alarms/section/div/div/div/div/div[2]/datatable/ngx-datatable/div/datatable-body/datatable-selection/datatable-scroller/datatable-row-wrapper/datatable-body-row/div[2]/datatable-body-cell[4]</arg>
<arg>${alarmtype}</arg>
<arg>timeout=200s</arg>
<doc>Waits until the element ``locator`` contains ``text``.</doc>
<status status="PASS" starttime="20210913 18:16:16.412" endtime="20210913 18:16:18.472"/>
</kw>
<kw name="Click Element" library="SeleniumLibrary">
<arg>xpath://*[@id="app-main"]/div/app-alarms/section/div/div/div/div/div[2]/datatable/ngx-datatable/div/datatable-body/datatable-selection/datatable-scroller/datatable-row-wrapper/datatable-body-row/div[2]/datatable-body-cell[2]</arg>
<doc>Click the element identified by ``locator``.</doc>
<msg timestamp="20210913 18:16:18.473" level="INFO">Clicking element 'xpath://*[@id="app-main"]/div/app-alarms/section/div/div/div/div/div[2]/datatable/ngx-datatable/div/datatable-body/datatable-selection/datatable-scroller/datatable-row-wrapper/datatable-body-row/div[2]/datatable-body-cell[2]'.</msg>
<status status="PASS" starttime="20210913 18:16:18.472" endtime="20210913 18:16:20.608"/>
</kw>
<kw name="Sleep" library="BuiltIn">
<arg>5</arg>
<doc>Pauses the test executed for the given time.</doc>
<msg timestamp="20210913 18:16:25.624" level="INFO">Slept 5 seconds</msg>
<status status="PASS" starttime="20210913 18:16:20.608" endtime="20210913 18:16:25.624"/>
</kw>
<status status="PASS" starttime="20210913 18:16:14.363" endtime="20210913 18:16:25.625"/>
</kw>
<kw name="assertion on appered alarm" library="AlarmKeywords">
<arg>--- High Temp Alarm</arg>
<arg>AK-CC550-018x 20</arg>
<arg>20</arg>
<arg>Alarm if error</arg>
<arg>Normal</arg>
<arg>1</arg>
<kw name="Element Should Contain" library="SeleniumLibrary">
<arg>xpath://*[@id="lbldescriptionval"]</arg>
<arg>${alarmtype}</arg>
<doc>Verifies that element ``locator`` contains text ``expected``.</doc>
<msg timestamp="20210913 18:16:27.709" level="INFO">Element 'xpath://*[@id="lbldescriptionval"]' contains text '--- High Temp Alarm'.</msg>
<status status="PASS" starttime="20210913 18:16:25.626" endtime="20210913 18:16:27.709"/>
</kw>
<kw name="Element Should Contain" library="SeleniumLibrary">
<arg>xpath://*[@id="lblpointval"]</arg>
<arg>${devicename}</arg>
<doc>Verifies that element ``locator`` contains text ``expected``.</doc>
<msg timestamp="20210913 18:16:29.760" level="INFO">Element 'xpath://*[@id="lblpointval"]' contains text 'AK-CC550-018x 20'.</msg>
<status status="PASS" starttime="20210913 18:16:27.709" endtime="20210913 18:16:29.760"/>
</kw>
<kw name="Element Should Contain" library="SeleniumLibrary">
<arg>xpath://*[@id="lbladdressval"]</arg>
<arg>${address}</arg>
<doc>Verifies that element ``locator`` contains text ``expected``.</doc>
<msg timestamp="20210913 18:16:31.810" level="INFO">Element 'xpath://*[@id="lbladdressval"]' contains text '20'.</msg>
<status status="PASS" starttime="20210913 18:16:29.761" endtime="20210913 18:16:31.810"/>
</kw>
<kw name="Element Should Contain" library="SeleniumLibrary">
<arg>xpath://*[@id="lblsettingval"]</arg>
<arg>${setting}</arg>
<doc>Verifies that element ``locator`` contains text ``expected``.</doc>
<msg timestamp="20210913 18:16:33.858" level="INFO">Element 'xpath://*[@id="lblsettingval"]' contains text 'Alarm if error'.</msg>
<status status="PASS" starttime="20210913 18:16:31.810" endtime="20210913 18:16:33.858"/>
</kw>
<kw name="Element Should Contain" library="SeleniumLibrary">
<arg>xpath:/html/body/ngb-modal-window/div/div/app-alarmdetailmodal/div[2]/form/div[9]/div</arg>
<arg>${level}</arg>
<doc>Verifies that element ``locator`` contains text ``expected``.</doc>
<msg timestamp="20210913 18:16:35.908" level="INFO">Element 'xpath:/html/body/ngb-modal-window/div/div/app-alarmdetailmodal/div[2]/form/div[9]/div' contains text 'Normal'.</msg>
<status status="PASS" starttime="20210913 18:16:33.858" endtime="20210913 18:16:35.908"/>
</kw>
<kw name="Element Should Contain" library="SeleniumLibrary">
<arg>xpath:/html/body/ngb-modal-window/div/div/app-alarmdetailmodal/div[2]/form/div[10]/div</arg>
<arg>${action}</arg>
<doc>Verifies that element ``locator`` contains text ``expected``.</doc>
<msg timestamp="20210913 18:16:37.964" level="INFO">Element 'xpath:/html/body/ngb-modal-window/div/div/app-alarmdetailmodal/div[2]/form/div[10]/div' contains text '1'.</msg>
<status status="PASS" starttime="20210913 18:16:35.908" endtime="20210913 18:16:37.964"/>
</kw>
<status status="PASS" starttime="20210913 18:16:25.625" endtime="20210913 18:16:37.964"/>
</kw>
<kw name="Click Element" library="SeleniumLibrary">
<arg>xpath://*[@id="btnclose"]</arg>
<doc>Click the element identified by ``locator``.</doc>
<msg timestamp="20210913 18:16:37.965" level="INFO">Clicking element 'xpath://*[@id="btnclose"]'.</msg>
<status status="PASS" starttime="20210913 18:16:37.964" endtime="20210913 18:16:40.082"/>
</kw>
<status status="PASS" starttime="20210913 18:16:07.245" endtime="20210913 18:16:40.082"/>
</kw>
<kw name="When set Thermostart ait of AK CC 550 controller to 20.0 deg-MCX A0" library="HighTempAlarmStepDef">
<kw name="Switch Browser" library="SeleniumLibrary">
<arg>2</arg>
<doc>Switches between active browsers using ``index_or_alias``.</doc>
<status status="PASS" starttime="20210913 18:16:40.083" endtime="20210913 18:16:40.084"/>
</kw>
<kw name="set AK CC 550 controller to value" library="AlarmKeywords">
<arg>6000</arg>
<kw name="Click Element" library="SeleniumLibrary">
<arg>xpath://*[@id="Params_ID164"]/td[4]</arg>
<doc>Click the element identified by ``locator``.</doc>
<msg timestamp="20210913 18:16:40.085" level="INFO">Clicking element 'xpath://*[@id="Params_ID164"]/td[4]'.</msg>
<status status="PASS" starttime="20210913 18:16:40.085" endtime="20210913 18:16:42.179"/>
</kw>
<kw name="Clear Element Text" library="SeleniumLibrary">
<arg>xpath://*[@id="popup_dialog_input_new_value"]</arg>
<doc>Clears the value of the text-input-element identified by ``locator``.</doc>
<status status="PASS" starttime="20210913 18:16:42.179" endtime="20210913 18:16:44.267"/>
</kw>
<kw name="Input Text" library="SeleniumLibrary">
<arg>xpath://*[@id="popup_dialog_input_new_value"]</arg>
<arg>${controllervalue}</arg>
<doc>Types the given ``text`` into the text field identified by ``locator``.</doc>
<msg timestamp="20210913 18:16:44.268" level="INFO">Typing text '6000' into text field 'xpath://*[@id="popup_dialog_input_new_value"]'.</msg>
<status status="PASS" starttime="20210913 18:16:44.267" endtime="20210913 18:16:47.351"/>
</kw>
<kw name="Click Element" library="SeleniumLibrary">
<arg>xpath://*[@id="popup_dialog"]/center/table/tbody/tr[4]/th</arg>
<doc>Click the element identified by ``locator``.</doc>
<msg timestamp="20210913 18:16:47.352" level="INFO">Clicking element 'xpath://*[@id="popup_dialog"]/center/table/tbody/tr[4]/th'.</msg>
<status status="PASS" starttime="20210913 18:16:47.351" endtime="20210913 18:16:49.417"/>
</kw>
<kw name="Click Element" library="SeleniumLibrary">
<arg>xpath://*[@id="button_save"]/span</arg>
<doc>Click the element identified by ``locator``.</doc>
<msg timestamp="20210913 18:16:49.418" level="INFO">Clicking element 'xpath://*[@id="button_save"]/span'.</msg>
<status status="PASS" starttime="20210913 18:16:49.417" endtime="20210913 18:16:51.476"/>
</kw>
<kw name="Sleep" library="BuiltIn">
<arg>5</arg>
<doc>Pauses the test executed for the given time.</doc>
<msg timestamp="20210913 18:16:56.486" level="INFO">Slept 5 seconds</msg>
<status status="PASS" starttime="20210913 18:16:51.476" endtime="20210913 18:16:56.486"/>
</kw>
<status status="PASS" starttime="20210913 18:16:40.084" endtime="20210913 18:16:56.486"/>
</kw>
<status status="PASS" starttime="20210913 18:16:40.083" endtime="20210913 18:16:56.487"/>
</kw>
<kw name="Then the alarm should be cleared from ack alarm page and moves to clear alarm" library="HighTempAlarmStepDef">
<kw name="Switch Browser" library="SeleniumLibrary">
<arg>1</arg>
<doc>Switches between active browsers using ``index_or_alias``.</doc>
<status status="PASS" starttime="20210913 18:16:56.488" endtime="20210913 18:16:56.489"/>
</kw>
<kw name="Set Selenium Implicit Wait" library="SeleniumLibrary">
<arg>200seconds</arg>
<doc>Sets the implicit wait value used by Selenium.</doc>
<status status="PASS" starttime="20210913 18:16:56.489" endtime="20210913 18:16:58.501"/>
</kw>
<kw name="Set Selenium Speed" library="SeleniumLibrary">
<arg>1seconds</arg>
<doc>Sets the delay that is waited after each Selenium command.</doc>
<status status="PASS" starttime="20210913 18:16:58.501" endtime="20210913 18:16:58.502"/>
</kw>
<kw name="Click Element" library="SeleniumLibrary">
<arg>xpath://*[@id="cleared"]</arg>
<doc>Click the element identified by ``locator``.</doc>
<msg timestamp="20210913 18:16:58.503" level="INFO">Clicking element 'xpath://*[@id="cleared"]'.</msg>
<status status="PASS" starttime="20210913 18:16:58.502" endtime="20210913 18:17:00.664"/>
</kw>
<kw name="click on device name of apeared alarm" library="AlarmKeywords">
<arg>AK-CC550-018x 20</arg>
<arg>--- High Temp Alarm</arg>
<kw name="Wait Until Element Contains" library="SeleniumLibrary">
<arg>xpath://*[@id="app-main"]/div/app-alarms/section/div/div/div/div/div[2]/datatable/ngx-datatable/div/datatable-body/datatable-selection/datatable-scroller/datatable-row-wrapper/datatable-body-row/div[2]/datatable-body-cell[2]</arg>
<arg>${devicename}</arg>
<arg>timeout=200s</arg>
<doc>Waits until the element ``locator`` contains ``text``.</doc>
<status status="PASS" starttime="20210913 18:17:00.665" endtime="20210913 18:17:04.379"/>
</kw>
<kw name="Wait Until Element Contains" library="SeleniumLibrary">
<arg>xpath://*[@id="app-main"]/div/app-alarms/section/div/div/div/div/div[2]/datatable/ngx-datatable/div/datatable-body/datatable-selection/datatable-scroller/datatable-row-wrapper/datatable-body-row/div[2]/datatable-body-cell[4]</arg>
<arg>${alarmtype}</arg>
<arg>timeout=200s</arg>
<doc>Waits until the element ``locator`` contains ``text``.</doc>
<status status="PASS" starttime="20210913 18:17:04.379" endtime="20210913 18:18:18.489"/>
</kw>
<kw name="Click Element" library="SeleniumLibrary">
<arg>xpath://*[@id="app-main"]/div/app-alarms/section/div/div/div/div/div[2]/datatable/ngx-datatable/div/datatable-body/datatable-selection/datatable-scroller/datatable-row-wrapper/datatable-body-row/div[2]/datatable-body-cell[2]</arg>
<doc>Click the element identified by ``locator``.</doc>
<msg timestamp="20210913 18:18:18.490" level="INFO">Clicking element 'xpath://*[@id="app-main"]/div/app-alarms/section/div/div/div/div/div[2]/datatable/ngx-datatable/div/datatable-body/datatable-selection/datatable-scroller/datatable-row-wrapper/datatable-body-row/div[2]/datatable-body-cell[2]'.</msg>
<status status="PASS" starttime="20210913 18:18:18.489" endtime="20210913 18:18:20.660"/>
</kw>
<kw name="Sleep" library="BuiltIn">
<arg>5</arg>
<doc>Pauses the test executed for the given time.</doc>
<msg timestamp="20210913 18:18:25.671" level="INFO">Slept 5 seconds</msg>
<status status="PASS" starttime="20210913 18:18:20.660" endtime="20210913 18:18:25.671"/>
</kw>
<status status="PASS" starttime="20210913 18:17:00.664" endtime="20210913 18:18:25.671"/>
</kw>
<kw name="assertion on appered alarm" library="AlarmKeywords">
<arg>--- High Temp Alarm</arg>
<arg>AK-CC550-018x 20</arg>
<arg>20</arg>
<arg>Alarm if error</arg>
<arg>Normal</arg>
<arg>1</arg>
<kw name="Element Should Contain" library="SeleniumLibrary">
<arg>xpath://*[@id="lbldescriptionval"]</arg>
<arg>${alarmtype}</arg>
<doc>Verifies that element ``locator`` contains text ``expected``.</doc>
<msg timestamp="20210913 18:18:27.738" level="INFO">Element 'xpath://*[@id="lbldescriptionval"]' contains text '--- High Temp Alarm'.</msg>
<status status="PASS" starttime="20210913 18:18:25.672" endtime="20210913 18:18:27.738"/>
</kw>
<kw name="Element Should Contain" library="SeleniumLibrary">
<arg>xpath://*[@id="lblpointval"]</arg>
<arg>${devicename}</arg>
<doc>Verifies that element ``locator`` contains text ``expected``.</doc>
<msg timestamp="20210913 18:18:29.796" level="INFO">Element 'xpath://*[@id="lblpointval"]' contains text 'AK-CC550-018x 20'.</msg>
<status status="PASS" starttime="20210913 18:18:27.738" endtime="20210913 18:18:29.796"/>
</kw>
<kw name="Element Should Contain" library="SeleniumLibrary">
<arg>xpath://*[@id="lbladdressval"]</arg>
<arg>${address}</arg>
<doc>Verifies that element ``locator`` contains text ``expected``.</doc>
<msg timestamp="20210913 18:18:31.847" level="INFO">Element 'xpath://*[@id="lbladdressval"]' contains text '20'.</msg>
<status status="PASS" starttime="20210913 18:18:29.796" endtime="20210913 18:18:31.847"/>
</kw>
<kw name="Element Should Contain" library="SeleniumLibrary">
<arg>xpath://*[@id="lblsettingval"]</arg>
<arg>${setting}</arg>
<doc>Verifies that element ``locator`` contains text ``expected``.</doc>
<msg timestamp="20210913 18:18:33.909" level="INFO">Element 'xpath://*[@id="lblsettingval"]' contains text 'Alarm if error'.</msg>
<status status="PASS" starttime="20210913 18:18:31.847" endtime="20210913 18:18:33.909"/>
</kw>
<kw name="Element Should Contain" library="SeleniumLibrary">
<arg>xpath:/html/body/ngb-modal-window/div/div/app-alarmdetailmodal/div[2]/form/div[9]/div</arg>
<arg>${level}</arg>
<doc>Verifies that element ``locator`` contains text ``expected``.</doc>
<msg timestamp="20210913 18:18:35.976" level="INFO">Element 'xpath:/html/body/ngb-modal-window/div/div/app-alarmdetailmodal/div[2]/form/div[9]/div' contains text 'Normal'.</msg>
<status status="PASS" starttime="20210913 18:18:33.909" endtime="20210913 18:18:35.976"/>
</kw>
<kw name="Element Should Contain" library="SeleniumLibrary">
<arg>xpath:/html/body/ngb-modal-window/div/div/app-alarmdetailmodal/div[2]/form/div[10]/div</arg>
<arg>${action}</arg>
<doc>Verifies that element ``locator`` contains text ``expected``.</doc>
<msg timestamp="20210913 18:18:38.032" level="INFO">Element 'xpath:/html/body/ngb-modal-window/div/div/app-alarmdetailmodal/div[2]/form/div[10]/div' contains text '1'.</msg>
<status status="PASS" starttime="20210913 18:18:35.976" endtime="20210913 18:18:38.032"/>
</kw>
<status status="PASS" starttime="20210913 18:18:25.672" endtime="20210913 18:18:38.032"/>
</kw>
<kw name="Click Element" library="SeleniumLibrary">
<arg>xpath://*[@id="btnclose"]</arg>
<doc>Click the element identified by ``locator``.</doc>
<msg timestamp="20210913 18:18:38.033" level="INFO">Clicking element 'xpath://*[@id="btnclose"]'.</msg>
<status status="PASS" starttime="20210913 18:18:38.033" endtime="20210913 18:18:40.166"/>
</kw>
<kw name="Switch Browser" library="SeleniumLibrary">
<arg>2</arg>
<doc>Switches between active browsers using ``index_or_alias``.</doc>
<status status="PASS" starttime="20210913 18:18:40.166" endtime="20210913 18:18:40.167"/>
</kw>
<kw name="set AK CC 550 controller to value" library="AlarmKeywords">
<arg>9000</arg>
<kw name="Click Element" library="SeleniumLibrary">
<arg>xpath://*[@id="Params_ID164"]/td[4]</arg>
<doc>Click the element identified by ``locator``.</doc>
<msg timestamp="20210913 18:18:40.168" level="INFO">Clicking element 'xpath://*[@id="Params_ID164"]/td[4]'.</msg>
<status status="PASS" starttime="20210913 18:18:40.167" endtime="20210913 18:18:42.247"/>
</kw>
<kw name="Clear Element Text" library="SeleniumLibrary">
<arg>xpath://*[@id="popup_dialog_input_new_value"]</arg>
<doc>Clears the value of the text-input-element identified by ``locator``.</doc>
<status status="PASS" starttime="20210913 18:18:42.247" endtime="20210913 18:18:44.316"/>
</kw>
<kw name="Input Text" library="SeleniumLibrary">
<arg>xpath://*[@id="popup_dialog_input_new_value"]</arg>
<arg>${controllervalue}</arg>
<doc>Types the given ``text`` into the text field identified by ``locator``.</doc>
<msg timestamp="20210913 18:18:44.317" level="INFO">Typing text '9000' into text field 'xpath://*[@id="popup_dialog_input_new_value"]'.</msg>
<status status="PASS" starttime="20210913 18:18:44.316" endtime="20210913 18:18:47.387"/>
</kw>
<kw name="Click Element" library="SeleniumLibrary">
<arg>xpath://*[@id="popup_dialog"]/center/table/tbody/tr[4]/th</arg>
<doc>Click the element identified by ``locator``.</doc>
<msg timestamp="20210913 18:18:47.388" level="INFO">Clicking element 'xpath://*[@id="popup_dialog"]/center/table/tbody/tr[4]/th'.</msg>
<status status="PASS" starttime="20210913 18:18:47.387" endtime="20210913 18:18:49.468"/>
</kw>
<kw name="Click Element" library="SeleniumLibrary">
<arg>xpath://*[@id="button_save"]/span</arg>
<doc>Click the element identified by ``locator``.</doc>
<msg timestamp="20210913 18:18:49.469" level="INFO">Clicking element 'xpath://*[@id="button_save"]/span'.</msg>
<status status="PASS" starttime="20210913 18:18:49.468" endtime="20210913 18:18:51.547"/>
</kw>
<kw name="Sleep" library="BuiltIn">
<arg>5</arg>
<doc>Pauses the test executed for the given time.</doc>
<msg timestamp="20210913 18:18:56.550" level="INFO">Slept 5 seconds</msg>
<status status="PASS" starttime="20210913 18:18:51.548" endtime="20210913 18:18:56.550"/>
</kw>
<status status="PASS" starttime="20210913 18:18:40.167" endtime="20210913 18:18:56.550"/>
</kw>
<kw name="Close All Browsers" library="SeleniumLibrary">
<doc>Closes all open browsers and resets the browser cache.</doc>
<status status="PASS" starttime="20210913 18:18:56.551" endtime="20210913 18:19:02.784"/>
</kw>
<status status="PASS" starttime="20210913 18:16:56.487" endtime="20210913 18:19:02.784"/>
</kw>
<status status="PASS" starttime="20210913 18:10:12.750" endtime="20210913 18:19:02.785"/>
</test>
<status status="PASS" starttime="20210913 18:10:12.489" endtime="20210913 18:19:02.786"/>
</suite>
<suite id="s1-s2" name="LowTempAlarmFeature" source="C:\Users\61449\PycharmProjects\DanfossAutomation\AlarmTest\Features\LowTempAlarmFeature.robot">
<test id="s1-s2-t1" name="HighTempAlarmTest">
<kw name="Given Set Low temp alarm limit -5.0 deg-SVB5" library="LowTempAlarmStepDef">
<kw name="LogintoSVB5 and Select device AK-CC550-018x 20" library="AlarmKeywords">
<arg>Supervisor</arg>
<arg>S@danfoss123</arg>
<kw name="Open Browser" library="SeleniumLibrary">
<arg>${danfossURL}</arg>
<arg>${browser}</arg>
<doc>Opens a new browser instance to the optional ``url``.</doc>
<msg timestamp="20210913 18:19:02.811" level="INFO">Opening browser 'chrome' to base url 'https://118.185.187.242:6027/#/'.</msg>
<status status="PASS" starttime="20210913 18:19:02.811" endtime="20210913 18:19:05.885"/>
</kw>
<kw name="Maximize Browser Window" library="SeleniumLibrary">
<doc>Maximizes current browser window.</doc>
<status status="PASS" starttime="20210913 18:19:05.885" endtime="20210913 18:19:07.016"/>
</kw>
<kw name="Set Selenium Implicit Wait" library="SeleniumLibrary">
<arg>50seconds</arg>
<doc>Sets the implicit wait value used by Selenium.</doc>
<status status="PASS" starttime="20210913 18:19:07.016" endtime="20210913 18:19:08.027"/>
</kw>
<kw name="Set Selenium Speed" library="SeleniumLibrary">
<arg>1seconds</arg>
<doc>Sets the delay that is waited after each Selenium command.</doc>
<status status="PASS" starttime="20210913 18:19:08.027" endtime="20210913 18:19:08.028"/>
</kw>
<kw name="Click Element" library="SeleniumLibrary">
<arg>xpath://*[@id="details-button"]</arg>
<doc>Click the element identified by ``locator``.</doc>
<msg timestamp="20210913 18:19:08.028" level="INFO">Clicking element 'xpath://*[@id="details-button"]'.</msg>
<status status="PASS" starttime="20210913 18:19:08.028" endtime="20210913 18:19:10.087"/>
</kw>
<kw name="Click Link" library="SeleniumLibrary">
<arg>xpath://*[@id="proceed-link"]</arg>
<doc>Clicks a link identified by ``locator``.</doc>
<msg timestamp="20210913 18:19:10.088" level="INFO">Clicking link 'xpath://*[@id="proceed-link"]'.</msg>
<status status="PASS" starttime="20210913 18:19:10.087" endtime="20210913 18:19:41.736"/>
</kw>
<kw name="Input Text" library="SeleniumLibrary">
<arg>xpath://*[@id="user"]</arg>
<arg>${SVB5username}</arg>
<doc>Types the given ``text`` into the text field identified by ``locator``.</doc>
<msg timestamp="20210913 18:19:41.736" level="INFO">Typing text 'Supervisor' into text field 'xpath://*[@id="user"]'.</msg>
<status status="PASS" starttime="20210913 18:19:41.736" endtime="20210913 18:19:44.862"/>
</kw>
<kw name="Input Text" library="SeleniumLibrary">
<arg>xpath://*[@id="pwd"]</arg>
<arg>${SVB5password}</arg>
<doc>Types the given ``text`` into the text field identified by ``locator``.</doc>
<msg timestamp="20210913 18:19:44.863" level="INFO">Typing text 'S@danfoss123' into text field 'xpath://*[@id="pwd"]'.</msg>
<status status="PASS" starttime="20210913 18:19:44.862" endtime="20210913 18:19:47.979"/>
</kw>
<kw name="Click Element" library="SeleniumLibrary">
<arg>xpath://*[@id="signup-form"]/form/input</arg>
<doc>Click the element identified by ``locator``.</doc>
<msg timestamp="20210913 18:19:47.981" level="INFO">Clicking element 'xpath://*[@id="signup-form"]/form/input'.</msg>
<status status="PASS" starttime="20210913 18:19:47.980" endtime="20210913 18:19:50.062"/>
</kw>
<kw name="Click Element" library="SeleniumLibrary">
<arg>xpath://span[contains(text(),'File')]</arg>
<doc>Click the element identified by ``locator``.</doc>
<msg timestamp="20210913 18:19:50.062" level="INFO">Clicking element 'xpath://span[contains(text(),'File')]'.</msg>
<status status="PASS" starttime="20210913 18:19:50.062" endtime="20210913 18:19:55.854"/>
</kw>
<kw name="Click Element" library="SeleniumLibrary">
<arg>xpath://span[contains(text(),'Preferences')]</arg>
<doc>Click the element identified by ``locator``.</doc>
<msg timestamp="20210913 18:19:55.855" level="INFO">Clicking element 'xpath://span[contains(text(),'Preferences')]'.</msg>
<status status="PASS" starttime="20210913 18:19:55.854" endtime="20210913 18:19:58.292"/>
</kw>
<kw name="Unselect Checkbox" library="SeleniumLibrary">
<arg>xpath://app-header/div[@id='Preferences']/div[1]/div[1]/div[2]/div[5]/div[1]/input[1]</arg>
<doc>Removes the selection of checkbox identified by ``locator``.</doc>
<msg timestamp="20210913 18:19:58.292" level="INFO">Unselecting checkbox 'xpath://app-header/div[@id='Preferences']/div[1]/div[1]/div[2]/div[5]/div[1]/input[1]'.</msg>
<status status="PASS" starttime="20210913 18:19:58.292" endtime="20210913 18:20:04.445"/>
</kw>
<kw name="Click Element" library="SeleniumLibrary">
<arg>xpath://app-header/div[@id='Preferences']/div[1]/div[1]/div[1]/button[1]/span[1]</arg>
<doc>Click the element identified by ``locator``.</doc>
<msg timestamp="20210913 18:20:04.445" level="INFO">Clicking element 'xpath://app-header/div[@id='Preferences']/div[1]/div[1]/div[1]/button[1]/span[1]'.</msg>
<status status="PASS" starttime="20210913 18:20:04.445" endtime="20210913 18:20:07.084"/>
</kw>
<kw name="Scroll Element Into View" library="SeleniumLibrary">
<arg>xpath://*[@id="app-main"]/div/app-dashboard/section/div/app-device[1]/div/div/div/ngx-datatable/div/datatable-body/datatable-selection/datatable-scroller/datatable-row-wrapper[24]/datatable-body-row/div[2]/datatable-body-cell[2]</arg>
<doc>Scrolls the element identified by ``locator`` into view.</doc>
<status status="PASS" starttime="20210913 18:20:07.085" endtime="20210913 18:20:09.796"/>
</kw>
<kw name="Click Element" library="SeleniumLibrary">
<arg>xpath://*[@id="app-main"]/div/app-dashboard/section/div/app-device[1]/div/div/div/ngx-datatable/div/datatable-body/datatable-selection/datatable-scroller/datatable-row-wrapper[24]/datatable-body-row/div[2]/datatable-body-cell[2]</arg>
<doc>Click the element identified by ``locator``.</doc>
<msg timestamp="20210913 18:20:09.797" level="INFO">Clicking element 'xpath://*[@id="app-main"]/div/app-dashboard/section/div/app-device[1]/div/div/div/ngx-datatable/div/datatable-body/datatable-selection/datatable-scroller/datatable-row-wrapper[24]/datatable-body-row/div[2]/datatable-body-cell[2]'.</msg>
<status status="PASS" starttime="20210913 18:20:09.796" endtime="20210913 18:20:12.524"/>
</kw>
<status status="PASS" starttime="20210913 18:19:02.810" endtime="20210913 18:20:12.524"/>
</kw>
<kw name="Set Low Temp in SVB5" library="LowTempAlarmStepDef">
<arg>-5.0</arg>
<kw name="Double Click Element" library="SeleniumLibrary">
<arg>xpath://td[contains(text(),'-5.0 °C')]</arg>
<doc>Double clicks the element identified by ``locator``.</doc>
<msg timestamp="20210913 18:20:12.526" level="INFO">Double clicking element 'xpath://td[contains(text(),'-5.0 °C')]'.</msg>
<status status="PASS" starttime="20210913 18:20:12.525" endtime="20210913 18:20:45.944"/>
</kw>
<kw name="Clear Element Text" library="SeleniumLibrary">
<arg>xpath://body/ngb-modal-window[1]/div[1]/div[1]/app-edit-float[1]/div[1]/form[1]/div[2]/input[1]</arg>
<doc>Clears the value of the text-input-element identified by ``locator``.</doc>
<status status="PASS" starttime="20210913 18:20:45.945" endtime="20210913 18:20:48.086"/>
</kw>
<kw name="Input Text" library="SeleniumLibrary">
<arg>xpath://body/ngb-modal-window[1]/div[1]/div[1]/app-edit-float[1]/div[1]/form[1]/div[2]/input[1]</arg>
<arg>${tempvalueinsvb5}</arg>
<doc>Types the given ``text`` into the text field identified by ``locator``.</doc>
<msg timestamp="20210913 18:20:48.087" level="INFO">Typing text '-5.0' into text field 'xpath://body/ngb-modal-window[1]/div[1]/div[1]/app-edit-float[1]/div[1]/form[1]/div[2]/input[1]'.</msg>
<status status="PASS" starttime="20210913 18:20:48.086" endtime="20210913 18:20:51.284"/>
</kw>
<kw name="Click Element" library="SeleniumLibrary">
<arg>xpath://body/ngb-modal-window[1]/div[1]/div[1]/app-edit-float[1]/div[1]/form[1]/div[3]/button[2]</arg>
<doc>Click the element identified by ``locator``.</doc>
<msg timestamp="20210913 18:20:51.285" level="INFO">Clicking element 'xpath://body/ngb-modal-window[1]/div[1]/div[1]/app-edit-float[1]/div[1]/form[1]/div[3]/button[2]'.</msg>
<status status="PASS" starttime="20210913 18:20:51.284" endtime="20210913 18:20:53.424"/>
</kw>
<status status="PASS" starttime="20210913 18:20:12.524" endtime="20210913 18:20:53.424"/>
</kw>
<status status="PASS" starttime="20210913 18:19:02.810" endtime="20210913 18:20:53.424"/>
</kw>
<kw name="And Set Alarm Delay 0-SVB5" library="LowTempAlarmStepDef">
<kw name="setting delay in svb5" library="AlarmKeywords">
<arg>0</arg>
<kw name="Double Click Element" library="SeleniumLibrary">
<arg>xpath://td[contains(text(),'0 min')]</arg>
<doc>Double clicks the element identified by ``locator``.</doc>
<msg timestamp="20210913 18:20:53.428" level="INFO">Double clicking element 'xpath://td[contains(text(),'0 min')]'.</msg>
<status status="PASS" starttime="20210913 18:20:53.427" endtime="20210913 18:20:55.806"/>
</kw>
<kw name="Clear Element Text" library="SeleniumLibrary">
<arg>xpath://*[@id="idEditInt"]/form/div[2]/input</arg>
<doc>Clears the value of the text-input-element identified by ``locator``.</doc>
<status status="PASS" starttime="20210913 18:20:55.806" endtime="20210913 18:20:57.901"/>
</kw>
<kw name="Input Text" library="SeleniumLibrary">
<arg>xpath://*[@id="idEditInt"]/form/div[2]/input</arg>
<arg>${delayvalueinsvb5}</arg>
<doc>Types the given ``text`` into the text field identified by ``locator``.</doc>
<msg timestamp="20210913 18:20:57.902" level="INFO">Typing text '0' into text field 'xpath://*[@id="idEditInt"]/form/div[2]/input'.</msg>
<status status="PASS" starttime="20210913 18:20:57.901" endtime="20210913 18:21:01.174"/>
</kw>
<kw name="Click Element" library="SeleniumLibrary">
<arg>xpath://*[@id="idEditInt"]/form/div[3]/button[2]</arg>
<doc>Click the element identified by ``locator``.</doc>
<msg timestamp="20210913 18:21:01.176" level="INFO">Clicking element 'xpath://*[@id="idEditInt"]/form/div[3]/button[2]'.</msg>
<status status="PASS" starttime="20210913 18:21:01.175" endtime="20210913 18:21:03.336"/>
</kw>
<status status="PASS" starttime="20210913 18:20:53.427" endtime="20210913 18:21:03.336"/>
</kw>
<status status="PASS" starttime="20210913 18:20:53.425" endtime="20210913 18:21:03.336"/>
</kw>
<kw name="When set Thermostart air of AK CC 550 controller to 20.0 deg-MCX A0" library="LowTempAlarmStepDef">
<kw name="LogintoMCX and select analog output" library="AlarmKeywords">
<arg>admin</arg>
<arg>PASS</arg>
<kw name="Open Browser" library="SeleniumLibrary">
<arg>${MCXURL}</arg>
<arg>${browser}</arg>
<doc>Opens a new browser instance to the optional ``url``.</doc>
<msg timestamp="20210913 18:21:03.339" level="INFO">Opening browser 'chrome' to base url 'http://118.185.187.242:6031/Login.html'.</msg>
<status status="PASS" starttime="20210913 18:21:03.338" endtime="20210913 18:21:27.092"/>
</kw>
<kw name="Maximize Browser Window" library="SeleniumLibrary">
<doc>Maximizes current browser window.</doc>
<status status="PASS" starttime="20210913 18:21:27.092" endtime="20210913 18:21:28.237"/>
</kw>
<kw name="Set Selenium Implicit Wait" library="SeleniumLibrary">
<arg>200seconds</arg>
<doc>Sets the implicit wait value used by Selenium.</doc>
<status status="PASS" starttime="20210913 18:21:28.237" endtime="20210913 18:21:30.256"/>
</kw>
<kw name="Set Selenium Speed" library="SeleniumLibrary">
<arg>1seconds</arg>
<doc>Sets the delay that is waited after each Selenium command.</doc>
<status status="PASS" starttime="20210913 18:21:30.256" endtime="20210913 18:21:30.257"/>
</kw>
<kw name="Input Text" library="SeleniumLibrary">
<arg>xpath://*[@id="usernameDisplay"]</arg>
<arg>${MCXusername}</arg>
<doc>Types the given ``text`` into the text field identified by ``locator``.</doc>
<msg timestamp="20210913 18:21:30.258" level="INFO">Typing text 'admin' into text field 'xpath://*[@id="usernameDisplay"]'.</msg>
<status status="PASS" starttime="20210913 18:21:30.257" endtime="20210913 18:21:33.391"/>
</kw>
<kw name="Input Text" library="SeleniumLibrary">
<arg>xpath://input[@id='password']</arg>
<arg>${MCXpassword}</arg>
<doc>Types the given ``text`` into the text field identified by ``locator``.</doc>
<msg timestamp="20210913 18:21:33.393" level="INFO">Typing text 'PASS' into text field 'xpath://input[@id='password']'.</msg>
<status status="PASS" starttime="20210913 18:21:33.391" endtime="20210913 18:21:36.510"/>
</kw>
<kw name="Click Element" library="SeleniumLibrary">
<arg>xpath://*[@id="button_login"]</arg>
<doc>Click the element identified by ``locator``.</doc>
<msg timestamp="20210913 18:21:36.511" level="INFO">Clicking element 'xpath://*[@id="button_login"]'.</msg>
<status status="PASS" starttime="20210913 18:21:36.511" endtime="20210913 18:21:38.603"/>
</kw>
<kw name="Click Element" library="SeleniumLibrary">
<arg>xpath://td[contains(text(),'N.A.')]</arg>
<doc>Click the element identified by ``locator``.</doc>
<msg timestamp="20210913 18:21:38.604" level="INFO">Clicking element 'xpath://td[contains(text(),'N.A.')]'.</msg>
<status status="PASS" starttime="20210913 18:21:38.603" endtime="20210913 18:22:01.629"/>
</kw>
<kw name="Click Element" library="SeleniumLibrary">
<arg>xpath://a[contains(text(),'Details')]</arg>
<doc>Click the element identified by ``locator``.</doc>
<msg timestamp="20210913 18:22:01.630" level="INFO">Clicking element 'xpath://a[contains(text(),'Details')]'.</msg>
<status status="PASS" starttime="20210913 18:22:01.629" endtime="20210913 18:22:10.636"/>
</kw>
<kw name="Click Element" library="SeleniumLibrary">
<arg>xpath://*[@id="supervisor_table"]/tbody/tr[157]/td[1]/img[1]</arg>
<doc>Click the element identified by ``locator``.</doc>
<msg timestamp="20210913 18:22:10.637" level="INFO">Clicking element 'xpath://*[@id="supervisor_table"]/tbody/tr[157]/td[1]/img[1]'.</msg>
<status status="PASS" starttime="20210913 18:22:10.636" endtime="20210913 18:22:12.789"/>
</kw>
<kw name="Click Element" library="SeleniumLibrary">
<arg>xpath://*[@id="supervisor_table"]/tbody/tr[158]/td[1]/img[2]</arg>
<doc>Click the element identified by ``locator``.</doc>
<msg timestamp="20210913 18:22:12.790" level="INFO">Clicking element 'xpath://*[@id="supervisor_table"]/tbody/tr[158]/td[1]/img[2]'.</msg>
<status status="PASS" starttime="20210913 18:22:12.789" endtime="20210913 18:22:14.865"/>
</kw>
<status status="PASS" starttime="20210913 18:21:03.338" endtime="20210913 18:22:14.865"/>
</kw>
<kw name="set AK CC 550 controller to value" library="AlarmKeywords">
<arg>6000</arg>
<kw name="Click Element" library="SeleniumLibrary">
<arg>xpath://*[@id="Params_ID164"]/td[4]</arg>
<doc>Click the element identified by ``locator``.</doc>
<msg timestamp="20210913 18:22:14.866" level="INFO">Clicking element 'xpath://*[@id="Params_ID164"]/td[4]'.</msg>
<status status="PASS" starttime="20210913 18:22:14.866" endtime="20210913 18:22:16.956"/>
</kw>
<kw name="Clear Element Text" library="SeleniumLibrary">
<arg>xpath://*[@id="popup_dialog_input_new_value"]</arg>
<doc>Clears the value of the text-input-element identified by ``locator``.</doc>
<status status="PASS" starttime="20210913 18:22:16.956" endtime="20210913 18:22:19.024"/>
</kw>
<kw name="Input Text" library="SeleniumLibrary">
<arg>xpath://*[@id="popup_dialog_input_new_value"]</arg>
<arg>${controllervalue}</arg>
<doc>Types the given ``text`` into the text field identified by ``locator``.</doc>
<msg timestamp="20210913 18:22:19.025" level="INFO">Typing text '6000' into text field 'xpath://*[@id="popup_dialog_input_new_value"]'.</msg>
<status status="PASS" starttime="20210913 18:22:19.024" endtime="20210913 18:22:22.106"/>
</kw>
<kw name="Click Element" library="SeleniumLibrary">
<arg>xpath://*[@id="popup_dialog"]/center/table/tbody/tr[4]/th</arg>
<doc>Click the element identified by ``locator``.</doc>
<msg timestamp="20210913 18:22:22.107" level="INFO">Clicking element 'xpath://*[@id="popup_dialog"]/center/table/tbody/tr[4]/th'.</msg>
<status status="PASS" starttime="20210913 18:22:22.106" endtime="20210913 18:22:24.176"/>
</kw>
<kw name="Click Element" library="SeleniumLibrary">
<arg>xpath://*[@id="button_save"]/span</arg>
<doc>Click the element identified by ``locator``.</doc>
<msg timestamp="20210913 18:22:24.177" level="INFO">Clicking element 'xpath://*[@id="button_save"]/span'.</msg>
<status status="PASS" starttime="20210913 18:22:24.176" endtime="20210913 18:22:26.255"/>
</kw>
<kw name="Sleep" library="BuiltIn">
<arg>5</arg>
<doc>Pauses the test executed for the given time.</doc>
<msg timestamp="20210913 18:22:31.268" level="INFO">Slept 5 seconds</msg>
<status status="PASS" starttime="20210913 18:22:26.255" endtime="20210913 18:22:31.268"/>
</kw>
<status status="PASS" starttime="20210913 18:22:14.866" endtime="20210913 18:22:31.268"/>
</kw>
<status status="PASS" starttime="20210913 18:21:03.337" endtime="20210913 18:22:31.268"/>
</kw>
<kw name="Then SVB5 active alarm page should be present with High Temp Alarm" library="LowTempAlarmStepDef">
<kw name="Switch Browser" library="SeleniumLibrary">
<arg>1</arg>
<doc>Switches between active browsers using ``index_or_alias``.</doc>
<status status="PASS" starttime="20210913 18:22:31.270" endtime="20210913 18:22:31.270"/>
</kw>
<kw name="Set Selenium Implicit Wait" library="SeleniumLibrary">
<arg>200seconds</arg>
<doc>Sets the implicit wait value used by Selenium.</doc>
<status status="PASS" starttime="20210913 18:22:31.271" endtime="20210913 18:22:33.283"/>
</kw>
<kw name="Set Selenium Speed" library="SeleniumLibrary">
<arg>1seconds</arg>
<doc>Sets the delay that is waited after each Selenium command.</doc>
<status status="PASS" starttime="20210913 18:22:33.283" endtime="20210913 18:22:33.284"/>
</kw>
<kw name="Click Element" library="SeleniumLibrary">
<arg>xpath://span[contains(text(),'Alarms')]</arg>
<doc>Click the element identified by ``locator``.</doc>
<msg timestamp="20210913 18:22:33.284" level="INFO">Clicking element 'xpath://span[contains(text(),'Alarms')]'.</msg>
<status status="PASS" starttime="20210913 18:22:33.284" endtime="20210913 18:22:35.452"/>
</kw>
<kw name="click on device name of apeared alarm" library="AlarmKeywords">
<arg>AK-CC550-018x 20</arg>
<arg>--- Low Temp Alarm</arg>
<kw name="Wait Until Element Contains" library="SeleniumLibrary">
<arg>xpath://*[@id="app-main"]/div/app-alarms/section/div/div/div/div/div[2]/datatable/ngx-datatable/div/datatable-body/datatable-selection/datatable-scroller/datatable-row-wrapper/datatable-body-row/div[2]/datatable-body-cell[2]</arg>
<arg>${devicename}</arg>
<arg>timeout=200s</arg>
<doc>Waits until the element ``locator`` contains ``text``.</doc>
<status status="PASS" starttime="20210913 18:22:35.453" endtime="20210913 18:22:56.772"/>
</kw>
<kw name="Wait Until Element Contains" library="SeleniumLibrary">
<arg>xpath://*[@id="app-main"]/div/app-alarms/section/div/div/div/div/div[2]/datatable/ngx-datatable/div/datatable-body/datatable-selection/datatable-scroller/datatable-row-wrapper/datatable-body-row/div[2]/datatable-body-cell[4]</arg>
<arg>${alarmtype}</arg>
<arg>timeout=200s</arg>
<doc>Waits until the element ``locator`` contains ``text``.</doc>
<status status="PASS" starttime="20210913 18:22:56.772" endtime="20210913 18:22:58.824"/>
</kw>
<kw name="Click Element" library="SeleniumLibrary">
<arg>xpath://*[@id="app-main"]/div/app-alarms/section/div/div/div/div/div[2]/datatable/ngx-datatable/div/datatable-body/datatable-selection/datatable-scroller/datatable-row-wrapper/datatable-body-row/div[2]/datatable-body-cell[2]</arg>
<doc>Click the element identified by ``locator``.</doc>
<msg timestamp="20210913 18:22:58.825" level="INFO">Clicking element 'xpath://*[@id="app-main"]/div/app-alarms/section/div/div/div/div/div[2]/datatable/ngx-datatable/div/datatable-body/datatable-selection/datatable-scroller/datatable-row-wrapper/datatable-body-row/div[2]/datatable-body-cell[2]'.</msg>
<status status="PASS" starttime="20210913 18:22:58.824" endtime="20210913 18:23:00.957"/>
</kw>
<kw name="Sleep" library="BuiltIn">
<arg>5</arg>
<doc>Pauses the test executed for the given time.</doc>
<msg timestamp="20210913 18:23:05.964" level="INFO">Slept 5 seconds</msg>
<status status="PASS" starttime="20210913 18:23:00.957" endtime="20210913 18:23:05.964"/>
</kw>
<status status="PASS" starttime="20210913 18:22:35.452" endtime="20210913 18:23:05.964"/>
</kw>
<kw name="assertion on appered alarm" library="AlarmKeywords">
<arg>--- Low Temp Alarm</arg>
<arg>AK-CC550-018x 20</arg>
<arg>20</arg>
<arg>Alarm if error</arg>
<arg>Normal</arg>
<arg>1</arg>
<kw name="Element Should Contain" library="SeleniumLibrary">
<arg>xpath://*[@id="lbldescriptionval"]</arg>
<arg>${alarmtype}</arg>
<doc>Verifies that element ``locator`` contains text ``expected``.</doc>
<msg timestamp="20210913 18:23:08.031" level="INFO">Element 'xpath://*[@id="lbldescriptionval"]' contains text '--- Low Temp Alarm'.</msg>
<status status="PASS" starttime="20210913 18:23:05.966" endtime="20210913 18:23:08.031"/>
</kw>
<kw name="Element Should Contain" library="SeleniumLibrary">
<arg>xpath://*[@id="lblpointval"]</arg>
<arg>${devicename}</arg>
<doc>Verifies that element ``locator`` contains text ``expected``.</doc>
<msg timestamp="20210913 18:23:10.104" level="INFO">Element 'xpath://*[@id="lblpointval"]' contains text 'AK-CC550-018x 20'.</msg>
<status status="PASS" starttime="20210913 18:23:08.031" endtime="20210913 18:23:10.104"/>
</kw>
<kw name="Element Should Contain" library="SeleniumLibrary">
<arg>xpath://*[@id="lbladdressval"]</arg>
<arg>${address}</arg>
<doc>Verifies that element ``locator`` contains text ``expected``.</doc>
<msg timestamp="20210913 18:23:12.168" level="INFO">Element 'xpath://*[@id="lbladdressval"]' contains text '20'.</msg>
<status status="PASS" starttime="20210913 18:23:10.104" endtime="20210913 18:23:12.168"/>
</kw>
<kw name="Element Should Contain" library="SeleniumLibrary">
<arg>xpath://*[@id="lblsettingval"]</arg>
<arg>${setting}</arg>
<doc>Verifies that element ``locator`` contains text ``expected``.</doc>
<msg timestamp="20210913 18:23:14.251" level="INFO">Element 'xpath://*[@id="lblsettingval"]' contains text 'Alarm if error'.</msg>
<status status="PASS" starttime="20210913 18:23:12.168" endtime="20210913 18:23:14.251"/>
</kw>
<kw name="Element Should Contain" library="SeleniumLibrary">
<arg>xpath:/html/body/ngb-modal-window/div/div/app-alarmdetailmodal/div[2]/form/div[9]/div</arg>
<arg>${level}</arg>
<doc>Verifies that element ``locator`` contains text ``expected``.</doc>
<msg timestamp="20210913 18:23:16.316" level="INFO">Element 'xpath:/html/body/ngb-modal-window/div/div/app-alarmdetailmodal/div[2]/form/div[9]/div' contains text 'Normal'.</msg>
<status status="PASS" starttime="20210913 18:23:14.251" endtime="20210913 18:23:16.316"/>
</kw>
<kw name="Element Should Contain" library="SeleniumLibrary">
<arg>xpath:/html/body/ngb-modal-window/div/div/app-alarmdetailmodal/div[2]/form/div[10]/div</arg>
<arg>${action}</arg>
<doc>Verifies that element ``locator`` contains text ``expected``.</doc>
<msg timestamp="20210913 18:23:18.371" level="INFO">Element 'xpath:/html/body/ngb-modal-window/div/div/app-alarmdetailmodal/div[2]/form/div[10]/div' contains text '1'.</msg>
<status status="PASS" starttime="20210913 18:23:16.316" endtime="20210913 18:23:18.371"/>
</kw>
<status status="PASS" starttime="20210913 18:23:05.965" endtime="20210913 18:23:18.371"/>
</kw>
<status status="PASS" starttime="20210913 18:22:31.269" endtime="20210913 18:23:18.371"/>
</kw>
<kw name="When ack the alarm in SVB5" library="LowTempAlarmStepDef">
<kw name="click on acknowledge button" library="AlarmKeywords">
<kw name="Click Element" library="SeleniumLibrary">
<arg>xpath://*[@id="btnACK"]</arg>
<doc>Click the element identified by ``locator``.</doc>
<msg timestamp="20210913 18:23:18.373" level="INFO">Clicking element 'xpath://*[@id="btnACK"]'.</msg>
<status status="PASS" starttime="20210913 18:23:18.373" endtime="20210913 18:23:20.513"/>
</kw>
<status status="PASS" starttime="20210913 18:23:18.373" endtime="20210913 18:23:20.514"/>
</kw>
<status status="PASS" starttime="20210913 18:23:18.372" endtime="20210913 18:23:20.514"/>
</kw>
<kw name="Then alarm should be moved to ack alarm list" library="LowTempAlarmStepDef">
<kw name="Click Element" library="SeleniumLibrary">
<arg>xpath://button[@id='acknowledged']</arg>
<doc>Click the element identified by ``locator``.</doc>
<msg timestamp="20210913 18:23:20.515" level="INFO">Clicking element 'xpath://button[@id='acknowledged']'.</msg>
<status status="PASS" starttime="20210913 18:23:20.515" endtime="20210913 18:23:22.628"/>
</kw>
<kw name="Sleep" library="BuiltIn">
<arg>5</arg>
<doc>Pauses the test executed for the given time.</doc>
<msg timestamp="20210913 18:23:27.644" level="INFO">Slept 5 seconds</msg>
<status status="PASS" starttime="20210913 18:23:22.628" endtime="20210913 18:23:27.644"/>
</kw>
<kw name="click on device name of apeared alarm" library="AlarmKeywords">
<arg>AK-CC550-018x 20</arg>
<arg>--- Low Temp Alarm</arg>
<kw name="Wait Until Element Contains" library="SeleniumLibrary">
<arg>xpath://*[@id="app-main"]/div/app-alarms/section/div/div/div/div/div[2]/datatable/ngx-datatable/div/datatable-body/datatable-selection/datatable-scroller/datatable-row-wrapper/datatable-body-row/div[2]/datatable-body-cell[2]</arg>
<arg>${devicename}</arg>
<arg>timeout=200s</arg>
<doc>Waits until the element ``locator`` contains ``text``.</doc>
<status status="PASS" starttime="20210913 18:23:27.645" endtime="20210913 18:23:29.696"/>
</kw>
<kw name="Wait Until Element Contains" library="SeleniumLibrary">
<arg>xpath://*[@id="app-main"]/div/app-alarms/section/div/div/div/div/div[2]/datatable/ngx-datatable/div/datatable-body/datatable-selection/datatable-scroller/datatable-row-wrapper/datatable-body-row/div[2]/datatable-body-cell[4]</arg>
<arg>${alarmtype}</arg>
<arg>timeout=200s</arg>
<doc>Waits until the element ``locator`` contains ``text``.</doc>
<status status="PASS" starttime="20210913 18:23:29.696" endtime="20210913 18:23:31.753"/>
</kw>
<kw name="Click Element" library="SeleniumLibrary">
<arg>xpath://*[@id="app-main"]/div/app-alarms/section/div/div/div/div/div[2]/datatable/ngx-datatable/div/datatable-body/datatable-selection/datatable-scroller/datatable-row-wrapper/datatable-body-row/div[2]/datatable-body-cell[2]</arg>
<doc>Click the element identified by ``locator``.</doc>
<msg timestamp="20210913 18:23:31.753" level="INFO">Clicking element 'xpath://*[@id="app-main"]/div/app-alarms/section/div/div/div/div/div[2]/datatable/ngx-datatable/div/datatable-body/datatable-selection/datatable-scroller/datatable-row-wrapper/datatable-body-row/div[2]/datatable-body-cell[2]'.</msg>
<status status="PASS" starttime="20210913 18:23:31.753" endtime="20210913 18:23:33.885"/>
</kw>
<kw name="Sleep" library="BuiltIn">
<arg>5</arg>
<doc>Pauses the test executed for the given time.</doc>
<msg timestamp="20210913 18:23:38.895" level="INFO">Slept 5 seconds</msg>
<status status="PASS" starttime="20210913 18:23:33.885" endtime="20210913 18:23:38.895"/>
</kw>
<status status="PASS" starttime="20210913 18:23:27.644" endtime="20210913 18:23:38.895"/>
</kw>
<kw name="assertion on appered alarm" library="AlarmKeywords">
<arg>--- Low Temp Alarm</arg>
<arg>AK-CC550-018x 20</arg>
<arg>20</arg>
<arg>Alarm if error</arg>
<arg>Normal</arg>
<arg>1</arg>
<kw name="Element Should Contain" library="SeleniumLibrary">
<arg>xpath://*[@id="lbldescriptionval"]</arg>
<arg>${alarmtype}</arg>
<doc>Verifies that element ``locator`` contains text ``expected``.</doc>
<msg timestamp="20210913 18:23:40.943" level="INFO">Element 'xpath://*[@id="lbldescriptionval"]' contains text '--- Low Temp Alarm'.</msg>
<status status="PASS" starttime="20210913 18:23:38.897" endtime="20210913 18:23:40.943"/>
</kw>
<kw name="Element Should Contain" library="SeleniumLibrary">
<arg>xpath://*[@id="lblpointval"]</arg>
<arg>${devicename}</arg>
<doc>Verifies that element ``locator`` contains text ``expected``.</doc>
<msg timestamp="20210913 18:23:43.015" level="INFO">Element 'xpath://*[@id="lblpointval"]' contains text 'AK-CC550-018x 20'.</msg>
<status status="PASS" starttime="20210913 18:23:40.943" endtime="20210913 18:23:43.015"/>
</kw>
<kw name="Element Should Contain" library="SeleniumLibrary">
<arg>xpath://*[@id="lbladdressval"]</arg>
<arg>${address}</arg>
<doc>Verifies that element ``locator`` contains text ``expected``.</doc>
<msg timestamp="20210913 18:23:45.073" level="INFO">Element 'xpath://*[@id="lbladdressval"]' contains text '20'.</msg>
<status status="PASS" starttime="20210913 18:23:43.016" endtime="20210913 18:23:45.073"/>
</kw>
<kw name="Element Should Contain" library="SeleniumLibrary">
<arg>xpath://*[@id="lblsettingval"]</arg>
<arg>${setting}</arg>
<doc>Verifies that element ``locator`` contains text ``expected``.</doc>
<msg timestamp="20210913 18:23:47.130" level="INFO">Element 'xpath://*[@id="lblsettingval"]' contains text 'Alarm if error'.</msg>
<status status="PASS" starttime="20210913 18:23:45.073" endtime="20210913 18:23:47.130"/>
</kw>
<kw name="Element Should Contain" library="SeleniumLibrary">
<arg>xpath:/html/body/ngb-modal-window/div/div/app-alarmdetailmodal/div[2]/form/div[9]/div</arg>
<arg>${level}</arg>
<doc>Verifies that element ``locator`` contains text ``expected``.</doc>
<msg timestamp="20210913 18:23:49.193" level="INFO">Element 'xpath:/html/body/ngb-modal-window/div/div/app-alarmdetailmodal/div[2]/form/div[9]/div' contains text 'Normal'.</msg>
<status status="PASS" starttime="20210913 18:23:47.130" endtime="20210913 18:23:49.193"/>
</kw>
<kw name="Element Should Contain" library="SeleniumLibrary">
<arg>xpath:/html/body/ngb-modal-window/div/div/app-alarmdetailmodal/div[2]/form/div[10]/div</arg>
<arg>${action}</arg>
<doc>Verifies that element ``locator`` contains text ``expected``.</doc>
<msg timestamp="20210913 18:23:51.237" level="INFO">Element 'xpath:/html/body/ngb-modal-window/div/div/app-alarmdetailmodal/div[2]/form/div[10]/div' contains text '1'.</msg>
<status status="PASS" starttime="20210913 18:23:49.193" endtime="20210913 18:23:51.237"/>
</kw>
<status status="PASS" starttime="20210913 18:23:38.895" endtime="20210913 18:23:51.237"/>
</kw>
<kw name="Click Element" library="SeleniumLibrary">
<arg>xpath://*[@id="btnclose"]</arg>
<doc>Click the element identified by ``locator``.</doc>
<msg timestamp="20210913 18:23:51.238" level="INFO">Clicking element 'xpath://*[@id="btnclose"]'.</msg>
<status status="PASS" starttime="20210913 18:23:51.238" endtime="20210913 18:23:53.362"/>
</kw>
<status status="PASS" starttime="20210913 18:23:20.514" endtime="20210913 18:23:53.362"/>
</kw>
<kw name="When set Thermostart ait of AK CC 550 controller to 30.0 deg-MCX A0" library="LowTempAlarmStepDef">
<kw name="Switch Browser" library="SeleniumLibrary">
<arg>2</arg>
<doc>Switches between active browsers using ``index_or_alias``.</doc>
<status status="PASS" starttime="20210913 18:23:53.364" endtime="20210913 18:23:53.364"/>
</kw>
<kw name="set AK CC 550 controller to value" library="AlarmKeywords">
<arg>9000</arg>
<kw name="Click Element" library="SeleniumLibrary">
<arg>xpath://*[@id="Params_ID164"]/td[4]</arg>
<doc>Click the element identified by ``locator``.</doc>
<msg timestamp="20210913 18:23:53.365" level="INFO">Clicking element 'xpath://*[@id="Params_ID164"]/td[4]'.</msg>
<status status="PASS" starttime="20210913 18:23:53.365" endtime="20210913 18:23:55.478"/>
</kw>
<kw name="Clear Element Text" library="SeleniumLibrary">
<arg>xpath://*[@id="popup_dialog_input_new_value"]</arg>
<doc>Clears the value of the text-input-element identified by ``locator``.</doc>
<status status="PASS" starttime="20210913 18:23:55.478" endtime="20210913 18:23:57.563"/>
</kw>
<kw name="Input Text" library="SeleniumLibrary">
<arg>xpath://*[@id="popup_dialog_input_new_value"]</arg>
<arg>${controllervalue}</arg>
<doc>Types the given ``text`` into the text field identified by ``locator``.</doc>
<msg timestamp="20210913 18:23:57.564" level="INFO">Typing text '9000' into text field 'xpath://*[@id="popup_dialog_input_new_value"]'.</msg>
<status status="PASS" starttime="20210913 18:23:57.563" endtime="20210913 18:24:00.658"/>
</kw>
<kw name="Click Element" library="SeleniumLibrary">
<arg>xpath://*[@id="popup_dialog"]/center/table/tbody/tr[4]/th</arg>
<doc>Click the element identified by ``locator``.</doc>
<msg timestamp="20210913 18:24:00.658" level="INFO">Clicking element 'xpath://*[@id="popup_dialog"]/center/table/tbody/tr[4]/th'.</msg>
<status status="PASS" starttime="20210913 18:24:00.658" endtime="20210913 18:24:02.723"/>
</kw>
<kw name="Click Element" library="SeleniumLibrary">
<arg>xpath://*[@id="button_save"]/span</arg>
<doc>Click the element identified by ``locator``.</doc>
<msg timestamp="20210913 18:24:02.724" level="INFO">Clicking element 'xpath://*[@id="button_save"]/span'.</msg>
<status status="PASS" starttime="20210913 18:24:02.723" endtime="20210913 18:24:04.788"/>
</kw>
<kw name="Sleep" library="BuiltIn">
<arg>5</arg>
<doc>Pauses the test executed for the given time.</doc>
<msg timestamp="20210913 18:24:09.789" level="INFO">Slept 5 seconds</msg>
<status status="PASS" starttime="20210913 18:24:04.788" endtime="20210913 18:24:09.789"/>
</kw>
<status status="PASS" starttime="20210913 18:23:53.364" endtime="20210913 18:24:09.790"/>
</kw>
<status status="PASS" starttime="20210913 18:23:53.363" endtime="20210913 18:24:09.790"/>
</kw>
<kw name="Then the alarm should be cleared from ack alarm page and moves to clear alarm" library="LowTempAlarmStepDef">
<kw name="Switch Browser" library="SeleniumLibrary">
<arg>1</arg>
<doc>Switches between active browsers using ``index_or_alias``.</doc>
<status status="PASS" starttime="20210913 18:24:09.791" endtime="20210913 18:24:09.792"/>
</kw>
<kw name="Set Selenium Implicit Wait" library="SeleniumLibrary">
<arg>200seconds</arg>
<doc>Sets the implicit wait value used by Selenium.</doc>
<status status="PASS" starttime="20210913 18:24:09.792" endtime="20210913 18:24:11.812"/>
</kw>
<kw name="Set Selenium Speed" library="SeleniumLibrary">
<arg>1seconds</arg>
<doc>Sets the delay that is waited after each Selenium command.</doc>
<status status="PASS" starttime="20210913 18:24:11.812" endtime="20210913 18:24:11.813"/>
</kw>
<kw name="Click Element" library="SeleniumLibrary">
<arg>xpath://*[@id="cleared"]</arg>
<doc>Click the element identified by ``locator``.</doc>
<msg timestamp="20210913 18:24:11.814" level="INFO">Clicking element 'xpath://*[@id="cleared"]'.</msg>
<status status="PASS" starttime="20210913 18:24:11.813" endtime="20210913 18:24:13.969"/>
</kw>
<kw name="click on device name of apeared alarm" library="AlarmKeywords">
<arg>AK-CC550-018x 20</arg>
<arg>--- Low Temp Alarm</arg>
<kw name="Wait Until Element Contains" library="SeleniumLibrary">
<arg>xpath://*[@id="app-main"]/div/app-alarms/section/div/div/div/div/div[2]/datatable/ngx-datatable/div/datatable-body/datatable-selection/datatable-scroller/datatable-row-wrapper/datatable-body-row/div[2]/datatable-body-cell[2]</arg>
<arg>${devicename}</arg>
<arg>timeout=200s</arg>
<doc>Waits until the element ``locator`` contains ``text``.</doc>
<status status="PASS" starttime="20210913 18:24:13.970" endtime="20210913 18:24:17.786"/>
</kw>
<kw name="Wait Until Element Contains" library="SeleniumLibrary">
<arg>xpath://*[@id="app-main"]/div/app-alarms/section/div/div/div/div/div[2]/datatable/ngx-datatable/div/datatable-body/datatable-selection/datatable-scroller/datatable-row-wrapper/datatable-body-row/div[2]/datatable-body-cell[4]</arg>
<arg>${alarmtype}</arg>
<arg>timeout=200s</arg>
<doc>Waits until the element ``locator`` contains ``text``.</doc>
<status status="PASS" starttime="20210913 18:24:17.786" endtime="20210913 18:24:58.175"/>
</kw>
<kw name="Click Element" library="SeleniumLibrary">
<arg>xpath://*[@id="app-main"]/div/app-alarms/section/div/div/div/div/div[2]/datatable/ngx-datatable/div/datatable-body/datatable-selection/datatable-scroller/datatable-row-wrapper/datatable-body-row/div[2]/datatable-body-cell[2]</arg>
<doc>Click the element identified by ``locator``.</doc>
<msg timestamp="20210913 18:24:58.176" level="INFO">Clicking element 'xpath://*[@id="app-main"]/div/app-alarms/section/div/div/div/div/div[2]/datatable/ngx-datatable/div/datatable-body/datatable-selection/datatable-scroller/datatable-row-wrapper/datatable-body-row/div[2]/datatable-body-cell[2]'.</msg>
<status status="PASS" starttime="20210913 18:24:58.175" endtime="20210913 18:25:00.346"/>
</kw>
<kw name="Sleep" library="BuiltIn">
<arg>5</arg>
<doc>Pauses the test executed for the given time.</doc>
<msg timestamp="20210913 18:25:05.347" level="INFO">Slept 5 seconds</msg>
<status status="PASS" starttime="20210913 18:25:00.346" endtime="20210913 18:25:05.347"/>
</kw>
<status status="PASS" starttime="20210913 18:24:13.969" endtime="20210913 18:25:05.347"/>
</kw>
<kw name="assertion on appered alarm" library="AlarmKeywords">
<arg>--- Low Temp Alarm</arg>
<arg>AK-CC550-018x 20</arg>
<arg>20</arg>
<arg>Alarm if error</arg>
<arg>Normal</arg>
<arg>1</arg>
<kw name="Element Should Contain" library="SeleniumLibrary">
<arg>xpath://*[@id="lbldescriptionval"]</arg>
<arg>${alarmtype}</arg>
<doc>Verifies that element ``locator`` contains text ``expected``.</doc>
<msg timestamp="20210913 18:25:07.403" level="INFO">Element 'xpath://*[@id="lbldescriptionval"]' contains text '--- Low Temp Alarm'.</msg>
<status status="PASS" starttime="20210913 18:25:05.349" endtime="20210913 18:25:07.403"/>
</kw>
<kw name="Element Should Contain" library="SeleniumLibrary">
<arg>xpath://*[@id="lblpointval"]</arg>
<arg>${devicename}</arg>
<doc>Verifies that element ``locator`` contains text ``expected``.</doc>
<msg timestamp="20210913 18:25:09.463" level="INFO">Element 'xpath://*[@id="lblpointval"]' contains text 'AK-CC550-018x 20'.</msg>
<status status="PASS" starttime="20210913 18:25:07.403" endtime="20210913 18:25:09.463"/>
</kw>
<kw name="Element Should Contain" library="SeleniumLibrary">
<arg>xpath://*[@id="lbladdressval"]</arg>
<arg>${address}</arg>
<doc>Verifies that element ``locator`` contains text ``expected``.</doc>
<msg timestamp="20210913 18:25:11.529" level="INFO">Element 'xpath://*[@id="lbladdressval"]' contains text '20'.</msg>
<status status="PASS" starttime="20210913 18:25:09.463" endtime="20210913 18:25:11.529"/>
</kw>
<kw name="Element Should Contain" library="SeleniumLibrary">
<arg>xpath://*[@id="lblsettingval"]</arg>
<arg>${setting}</arg>
<doc>Verifies that element ``locator`` contains text ``expected``.</doc>
<msg timestamp="20210913 18:25:13.599" level="INFO">Element 'xpath://*[@id="lblsettingval"]' contains text 'Alarm if error'.</msg>
<status status="PASS" starttime="20210913 18:25:11.529" endtime="20210913 18:25:13.599"/>
</kw>
<kw name="Element Should Contain" library="SeleniumLibrary">
<arg>xpath:/html/body/ngb-modal-window/div/div/app-alarmdetailmodal/div[2]/form/div[9]/div</arg>
<arg>${level}</arg>
<doc>Verifies that element ``locator`` contains text ``expected``.</doc>
<msg timestamp="20210913 18:25:15.657" level="INFO">Element 'xpath:/html/body/ngb-modal-window/div/div/app-alarmdetailmodal/div[2]/form/div[9]/div' contains text 'Normal'.</msg>
<status status="PASS" starttime="20210913 18:25:13.599" endtime="20210913 18:25:15.657"/>
</kw>
<kw name="Element Should Contain" library="SeleniumLibrary">
<arg>xpath:/html/body/ngb-modal-window/div/div/app-alarmdetailmodal/div[2]/form/div[10]/div</arg>
<arg>${action}</arg>
<doc>Verifies that element ``locator`` contains text ``expected``.</doc>
<msg timestamp="20210913 18:25:17.710" level="INFO">Element 'xpath:/html/body/ngb-modal-window/div/div/app-alarmdetailmodal/div[2]/form/div[10]/div' contains text '1'.</msg>
<status status="PASS" starttime="20210913 18:25:15.657" endtime="20210913 18:25:17.710"/>
</kw>
<status status="PASS" starttime="20210913 18:25:05.348" endtime="20210913 18:25:17.711"/>
</kw>
<kw name="Click Element" library="SeleniumLibrary">
<arg>xpath://*[@id="btnclose"]</arg>
<doc>Click the element identified by ``locator``.</doc>
<msg timestamp="20210913 18:25:17.711" level="INFO">Clicking element 'xpath://*[@id="btnclose"]'.</msg>
<status status="PASS" starttime="20210913 18:25:17.711" endtime="20210913 18:25:19.875"/>
</kw>
<kw name="Switch Browser" library="SeleniumLibrary">
<arg>2</arg>
<doc>Switches between active browsers using ``index_or_alias``.</doc>
<status status="PASS" starttime="20210913 18:25:19.875" endtime="20210913 18:25:19.876"/>
</kw>
<kw name="set AK CC 550 controller to value" library="AlarmKeywords">
<arg>6000</arg>
<kw name="Click Element" library="SeleniumLibrary">
<arg>xpath://*[@id="Params_ID164"]/td[4]</arg>
<doc>Click the element identified by ``locator``.</doc>
<msg timestamp="20210913 18:25:19.877" level="INFO">Clicking element 'xpath://*[@id="Params_ID164"]/td[4]'.</msg>
<status status="PASS" starttime="20210913 18:25:19.877" endtime="20210913 18:25:21.965"/>
</kw>
<kw name="Clear Element Text" library="SeleniumLibrary">
<arg>xpath://*[@id="popup_dialog_input_new_value"]</arg>
<doc>Clears the value of the text-input-element identified by ``locator``.</doc>
<status status="PASS" starttime="20210913 18:25:21.965" endtime="20210913 18:25:24.045"/>
</kw>
<kw name="Input Text" library="SeleniumLibrary">
<arg>xpath://*[@id="popup_dialog_input_new_value"]</arg>
<arg>${controllervalue}</arg>
<doc>Types the given ``text`` into the text field identified by ``locator``.</doc>
<msg timestamp="20210913 18:25:24.046" level="INFO">Typing text '6000' into text field 'xpath://*[@id="popup_dialog_input_new_value"]'.</msg>
<status status="PASS" starttime="20210913 18:25:24.045" endtime="20210913 18:25:27.139"/>
</kw>
<kw name="Click Element" library="SeleniumLibrary">
<arg>xpath://*[@id="popup_dialog"]/center/table/tbody/tr[4]/th</arg>
<doc>Click the element identified by ``locator``.</doc>
<msg timestamp="20210913 18:25:27.140" level="INFO">Clicking element 'xpath://*[@id="popup_dialog"]/center/table/tbody/tr[4]/th'.</msg>
<status status="PASS" starttime="20210913 18:25:27.139" endtime="20210913 18:25:29.212"/>
</kw>
<kw name="Click Element" library="SeleniumLibrary">
<arg>xpath://*[@id="button_save"]/span</arg>
<doc>Click the element identified by ``locator``.</doc>
<msg timestamp="20210913 18:25:29.212" level="INFO">Clicking element 'xpath://*[@id="button_save"]/span'.</msg>
<status status="PASS" starttime="20210913 18:25:29.212" endtime="20210913 18:25:31.276"/>
</kw>
<kw name="Sleep" library="BuiltIn">
<arg>5</arg>
<doc>Pauses the test executed for the given time.</doc>
<msg timestamp="20210913 18:25:36.279" level="INFO">Slept 5 seconds</msg>
<status status="PASS" starttime="20210913 18:25:31.276" endtime="20210913 18:25:36.279"/>
</kw>
<status status="PASS" starttime="20210913 18:25:19.876" endtime="20210913 18:25:36.279"/>
</kw>
<kw name="Close All Browsers" library="SeleniumLibrary">
<doc>Closes all open browsers and resets the browser cache.</doc>
<status status="PASS" starttime="20210913 18:25:36.279" endtime="20210913 18:25:42.498"/>
</kw>
<status status="PASS" starttime="20210913 18:24:09.791" endtime="20210913 18:25:42.498"/>
</kw>
<status status="PASS" starttime="20210913 18:19:02.809" endtime="20210913 18:25:42.499"/>
</test>
<status status="PASS" starttime="20210913 18:19:02.788" endtime="20210913 18:25:42.501"/>
</suite>
<status status="PASS" starttime="20210913 18:10:12.455" endtime="20210913 18:25:42.503"/>
</suite>
<statistics>
<total>
<stat pass="2" fail="0" skip="0">All Tests</stat>
</total>
<tag>
</tag>
<suite>
<stat pass="2" fail="0" skip="0" id="s1" name="HighTempAlarmFeature &amp; LowTempAlarmFeature">HighTempAlarmFeature &amp; LowTempAlarmFeature</stat>
<stat pass="1" fail="0" skip="0" id="s1-s1" name="HighTempAlarmFeature">HighTempAlarmFeature &amp; LowTempAlarmFeature.HighTempAlarmFeature</stat>
<stat pass="1" fail="0" skip="0" id="s1-s2" name="LowTempAlarmFeature">HighTempAlarmFeature &amp; LowTempAlarmFeature.LowTempAlarmFeature</stat>
</suite>
</statistics>
<errors>
</errors>
</robot>
